RUN 0
W 200000 AL-GDSF 60.49250 SH-LRU 51.35550 AL-LRU 43.62900 ML-GDSF-RNG 57.39500 ML-GDSF-DET 57.72600 SH-GDSF 55.76700
B 220000 AL-GDSF 64.99500 SH-LRU 53.40500 AL-LRU 44.38000 ML-GDSF-RNG 63.14500 ML-GDSF-DET 62.46500 SH-GDSF 62.82000
ACCURACY 20000 0 56.80289047467835 0
A0 220000 AL-GDSF 64.99500 SH-LRU 53.40500 AL-LRU 44.38000 ML-GDSF-RNG 63.11000 ML-GDSF-DET 62.60000 SH-GDSF 62.82000
ACCURACY 20000 1 58.12753036164643 0
A1 220000 AL-GDSF 64.99500 SH-LRU 53.40500 AL-LRU 44.38000 ML-GDSF-RNG 63.10500 ML-GDSF-DET 62.70000 SH-GDSF 62.82000
ACCURACY 20000 2 58.462629589758684 0
A2 220000 AL-GDSF 64.99500 SH-LRU 53.40500 AL-LRU 44.38000 ML-GDSF-RNG 63.14500 ML-GDSF-DET 62.76000 SH-GDSF 62.82000
B 240000 AL-GDSF 66.49500 SH-LRU 51.20500 AL-LRU 45.83000 ML-GDSF-RNG 64.45500 ML-GDSF-DET 64.81000 SH-GDSF 63.60500
ACCURACY 20000 0 58.72963698542208 0
A0 240000 AL-GDSF 66.49500 SH-LRU 51.20500 AL-LRU 45.83000 ML-GDSF-RNG 64.43500 ML-GDSF-DET 64.81500 SH-GDSF 63.60500
ACCURACY 20000 1 58.669603393197164 0
A1 240000 AL-GDSF 66.49500 SH-LRU 51.20500 AL-LRU 45.83000 ML-GDSF-RNG 64.47500 ML-GDSF-DET 64.89000 SH-GDSF 63.60500
ACCURACY 20000 2 58.383967405536566 0
A2 240000 AL-GDSF 66.49500 SH-LRU 51.20500 AL-LRU 45.83000 ML-GDSF-RNG 64.45500 ML-GDSF-DET 64.89500 SH-GDSF 63.60500
B 260000 AL-GDSF 63.88000 SH-LRU 49.94500 AL-LRU 41.99000 ML-GDSF-RNG 61.97000 ML-GDSF-DET 62.17500 SH-GDSF 61.06000
ACCURACY 20000 0 58.016364508092664 0
A0 260000 AL-GDSF 63.88000 SH-LRU 49.94500 AL-LRU 41.99000 ML-GDSF-RNG 62.00000 ML-GDSF-DET 62.37000 SH-GDSF 61.06000
ACCURACY 20000 1 59.113697885713044 0
A1 260000 AL-GDSF 63.88000 SH-LRU 49.94500 AL-LRU 41.99000 ML-GDSF-RNG 61.91000 ML-GDSF-DET 62.47000 SH-GDSF 61.06000
ACCURACY 20000 2 58.98651591443729 0
A2 260000 AL-GDSF 63.88000 SH-LRU 49.94500 AL-LRU 41.99000 ML-GDSF-RNG 61.96500 ML-GDSF-DET 62.55000 SH-GDSF 61.06000
B 280000 AL-GDSF 68.06000 SH-LRU 54.08500 AL-LRU 44.71500 ML-GDSF-RNG 66.61000 ML-GDSF-DET 67.20000 SH-GDSF 65.89000
ACCURACY 20000 0 60.33788131326231 0
A0 280000 AL-GDSF 68.06000 SH-LRU 54.08500 AL-LRU 44.71500 ML-GDSF-RNG 66.49500 ML-GDSF-DET 67.24000 SH-GDSF 65.89000
ACCURACY 20000 1 60.77984800158923 0
A1 280000 AL-GDSF 68.06000 SH-LRU 54.08500 AL-LRU 44.71500 ML-GDSF-RNG 66.55000 ML-GDSF-DET 67.28000 SH-GDSF 65.89000
ACCURACY 20000 2 60.60183796949155 0
A2 280000 AL-GDSF 68.06000 SH-LRU 54.08500 AL-LRU 44.71500 ML-GDSF-RNG 66.58000 ML-GDSF-DET 67.29000 SH-GDSF 65.89000
B 300000 AL-GDSF 67.05000 SH-LRU 56.05500 AL-LRU 45.96000 ML-GDSF-RNG 65.97500 ML-GDSF-DET 66.50000 SH-GDSF 65.83000
ACCURACY 20000 0 60.86510827502504 0
A0 300000 AL-GDSF 67.05000 SH-LRU 56.05500 AL-LRU 45.96000 ML-GDSF-RNG 65.99000 ML-GDSF-DET 66.51500 SH-GDSF 65.83000
ACCURACY 20000 1 61.171445316214665 0
A1 300000 AL-GDSF 67.05000 SH-LRU 56.05500 AL-LRU 45.96000 ML-GDSF-RNG 65.97500 ML-GDSF-DET 66.53000 SH-GDSF 65.83000
ACCURACY 20000 2 60.82230028356644 0
A2 300000 AL-GDSF 67.05000 SH-LRU 56.05500 AL-LRU 45.96000 ML-GDSF-RNG 65.95500 ML-GDSF-DET 66.54500 SH-GDSF 65.83000
RUN 1
W 200000 AL-GDSF 60.49250 SH-LRU 51.35550 AL-LRU 43.62900 ML-GDSF-RNG 58.12500 ML-GDSF-DET 60.38600 SH-GDSF 55.76700
W 300000 AL-GDSF 66.09600 SH-LRU 52.93900 AL-LRU 44.57500 ML-GDSF-RNG 64.77400 ML-GDSF-DET 65.91400 SH-GDSF 63.84100
B 320000 AL-GDSF 66.81500 SH-LRU 50.90500 AL-LRU 43.72500 ML-GDSF-RNG 65.30500 ML-GDSF-DET 66.52500 SH-GDSF 64.24000
ACCURACY 20000 0 58.094747066199126 0
A0 320000 AL-GDSF 66.81500 SH-LRU 50.90500 AL-LRU 43.72500 ML-GDSF-RNG 65.37000 ML-GDSF-DET 66.54000 SH-GDSF 64.24000
ACCURACY 20000 1 57.61204531032833 0
A1 320000 AL-GDSF 66.81500 SH-LRU 50.90500 AL-LRU 43.72500 ML-GDSF-RNG 65.38000 ML-GDSF-DET 66.54500 SH-GDSF 64.24000
ACCURACY 20000 2 57.76686554470242 0
A2 320000 AL-GDSF 66.81500 SH-LRU 50.90500 AL-LRU 43.72500 ML-GDSF-RNG 65.31500 ML-GDSF-DET 66.54500 SH-GDSF 64.24000
B 340000 AL-GDSF 66.49500 SH-LRU 54.02000 AL-LRU 43.67500 ML-GDSF-RNG 65.22500 ML-GDSF-DET 66.18000 SH-GDSF 64.28500
ACCURACY 20000 0 58.87861678253377 0
A0 340000 AL-GDSF 66.49500 SH-LRU 54.02000 AL-LRU 43.67500 ML-GDSF-RNG 65.15500 ML-GDSF-DET 66.18500 SH-GDSF 64.28500
ACCURACY 20000 1 59.13397777878634 0
A1 340000 AL-GDSF 66.49500 SH-LRU 54.02000 AL-LRU 43.67500 ML-GDSF-RNG 65.19500 ML-GDSF-DET 66.18000 SH-GDSF 64.28500
ACCURACY 20000 2 59.57593456022394 0
A2 340000 AL-GDSF 66.49500 SH-LRU 54.02000 AL-LRU 43.67500 ML-GDSF-RNG 65.24500 ML-GDSF-DET 66.18000 SH-GDSF 64.28500
B 360000 AL-GDSF 64.56500 SH-LRU 48.51500 AL-LRU 41.52500 ML-GDSF-RNG 63.50000 ML-GDSF-DET 64.39000 SH-GDSF 63.03000
ACCURACY 20000 0 60.502174409092305 0
A0 360000 AL-GDSF 64.56500 SH-LRU 48.51500 AL-LRU 41.52500 ML-GDSF-RNG 63.55000 ML-GDSF-DET 64.41000 SH-GDSF 63.03000
ACCURACY 20000 1 61.03976079480206 0
A1 360000 AL-GDSF 64.56500 SH-LRU 48.51500 AL-LRU 41.52500 ML-GDSF-RNG 63.58000 ML-GDSF-DET 64.41000 SH-GDSF 63.03000
ACCURACY 20000 2 61.2675680124633 0
A2 360000 AL-GDSF 64.56500 SH-LRU 48.51500 AL-LRU 41.52500 ML-GDSF-RNG 63.55000 ML-GDSF-DET 64.41000 SH-GDSF 63.03000
B 380000 AL-GDSF 68.29000 SH-LRU 53.91500 AL-LRU 46.30500 ML-GDSF-RNG 66.91500 ML-GDSF-DET 68.02500 SH-GDSF 65.89500
ACCURACY 20000 0 62.12410803996518 0
A0 380000 AL-GDSF 68.29000 SH-LRU 53.91500 AL-LRU 46.30500 ML-GDSF-RNG 66.97000 ML-GDSF-DET 68.02500 SH-GDSF 65.89500
ACCURACY 20000 1 62.830789577433464 0
A1 380000 AL-GDSF 68.29000 SH-LRU 53.91500 AL-LRU 46.30500 ML-GDSF-RNG 66.89000 ML-GDSF-DET 68.02500 SH-GDSF 65.89500
ACCURACY 20000 2 63.453244177778366 0
A2 380000 AL-GDSF 68.29000 SH-LRU 53.91500 AL-LRU 46.30500 ML-GDSF-RNG 66.93000 ML-GDSF-DET 68.02500 SH-GDSF 65.89500
B 400000 AL-GDSF 67.04500 SH-LRU 51.67000 AL-LRU 43.69000 ML-GDSF-RNG 66.43000 ML-GDSF-DET 66.90000 SH-GDSF 65.97000
ACCURACY 20000 0 63.45209944071244 0
A0 400000 AL-GDSF 67.04500 SH-LRU 51.67000 AL-LRU 43.69000 ML-GDSF-RNG 66.41500 ML-GDSF-DET 66.90000 SH-GDSF 65.97000
ACCURACY 20000 1 64.14115695678811 0
A1 400000 AL-GDSF 67.04500 SH-LRU 51.67000 AL-LRU 43.69000 ML-GDSF-RNG 66.47500 ML-GDSF-DET 66.89500 SH-GDSF 65.97000
ACCURACY 20000 2 64.30893245133116 0
A2 400000 AL-GDSF 67.04500 SH-LRU 51.67000 AL-LRU 43.69000 ML-GDSF-RNG 66.41500 ML-GDSF-DET 66.89500 SH-GDSF 65.97000
RUN 2
W 200000 AL-GDSF 60.49250 SH-LRU 51.35550 AL-LRU 43.62900 ML-GDSF-RNG 58.78300 ML-GDSF-DET 60.47850 SH-GDSF 55.76700
W 300000 AL-GDSF 66.09600 SH-LRU 52.93900 AL-LRU 44.57500 ML-GDSF-RNG 65.38700 ML-GDSF-DET 66.11700 SH-GDSF 63.84100
W 400000 AL-GDSF 66.64200 SH-LRU 51.80500 AL-LRU 43.78400 ML-GDSF-RNG 65.91200 ML-GDSF-DET 66.65900 SH-GDSF 64.68400
B 420000 AL-GDSF 66.35000 SH-LRU 52.53500 AL-LRU 46.22500 ML-GDSF-RNG 65.91500 ML-GDSF-DET 66.40500 SH-GDSF 64.89000
ACCURACY 20000 0 59.065456263352225 0
A0 420000 AL-GDSF 66.35000 SH-LRU 52.53500 AL-LRU 46.22500 ML-GDSF-RNG 65.86000 ML-GDSF-DET 66.40500 SH-GDSF 64.89000
ACCURACY 20000 1 58.676315304529844 0
A1 420000 AL-GDSF 66.35000 SH-LRU 52.53500 AL-LRU 46.22500 ML-GDSF-RNG 65.97000 ML-GDSF-DET 66.40500 SH-GDSF 64.89000
ACCURACY 20000 2 59.38596204574911 0
A2 420000 AL-GDSF 66.35000 SH-LRU 52.53500 AL-LRU 46.22500 ML-GDSF-RNG 65.97500 ML-GDSF-DET 66.40000 SH-GDSF 64.89000
B 440000 AL-GDSF 67.56500 SH-LRU 51.14500 AL-LRU 46.71500 ML-GDSF-RNG 66.84000 ML-GDSF-DET 67.64500 SH-GDSF 65.97000
ACCURACY 20000 0 62.979319820240384 0
A0 440000 AL-GDSF 67.56500 SH-LRU 51.14500 AL-LRU 46.71500 ML-GDSF-RNG 66.89000 ML-GDSF-DET 67.64000 SH-GDSF 65.97000
ACCURACY 20000 1 64.09779364888072 0
A1 440000 AL-GDSF 67.56500 SH-LRU 51.14500 AL-LRU 46.71500 ML-GDSF-RNG 66.91500 ML-GDSF-DET 67.64000 SH-GDSF 65.97000
ACCURACY 20000 2 64.03371177459451 0
A2 440000 AL-GDSF 67.56500 SH-LRU 51.14500 AL-LRU 46.71500 ML-GDSF-RNG 66.88000 ML-GDSF-DET 67.64000 SH-GDSF 65.97000
B 460000 AL-GDSF 65.47000 SH-LRU 49.97000 AL-LRU 44.83000 ML-GDSF-RNG 65.08500 ML-GDSF-DET 65.52000 SH-GDSF 64.60500
ACCURACY 20000 0 64.37771525766922 0
A0 460000 AL-GDSF 65.47000 SH-LRU 49.97000 AL-LRU 44.83000 ML-GDSF-RNG 65.13500 ML-GDSF-DET 65.52500 SH-GDSF 64.60500
ACCURACY 20000 1 64.79387669864684 0
A1 460000 AL-GDSF 65.47000 SH-LRU 49.97000 AL-LRU 44.83000 ML-GDSF-RNG 65.15000 ML-GDSF-DET 65.51500 SH-GDSF 64.60500
ACCURACY 20000 2 64.78028944006036 0
A2 460000 AL-GDSF 65.47000 SH-LRU 49.97000 AL-LRU 44.83000 ML-GDSF-RNG 65.10000 ML-GDSF-DET 65.50500 SH-GDSF 64.60500
B 480000 AL-GDSF 68.63500 SH-LRU 51.60000 AL-LRU 45.67000 ML-GDSF-RNG 68.01500 ML-GDSF-DET 68.68500 SH-GDSF 67.30500
ACCURACY 20000 0 65.57428325571752 0
A0 480000 AL-GDSF 68.63500 SH-LRU 51.60000 AL-LRU 45.67000 ML-GDSF-RNG 68.00000 ML-GDSF-DET 68.69000 SH-GDSF 67.30500
ACCURACY 20000 1 66.05685388314896 0
A1 480000 AL-GDSF 68.63500 SH-LRU 51.60000 AL-LRU 45.67000 ML-GDSF-RNG 67.92500 ML-GDSF-DET 68.68500 SH-GDSF 67.30500
ACCURACY 20000 2 66.00257226657405 0
A2 480000 AL-GDSF 68.63500 SH-LRU 51.60000 AL-LRU 45.67000 ML-GDSF-RNG 67.97500 ML-GDSF-DET 68.69000 SH-GDSF 67.30500
B 500000 AL-GDSF 60.86000 SH-LRU 47.37000 AL-LRU 42.62500 ML-GDSF-RNG 60.81500 ML-GDSF-DET 60.87000 SH-GDSF 60.43500
ACCURACY 20000 0 67.36973284735016 0
A0 500000 AL-GDSF 60.86000 SH-LRU 47.37000 AL-LRU 42.62500 ML-GDSF-RNG 60.75000 ML-GDSF-DET 60.86500 SH-GDSF 60.43500
ACCURACY 20000 1 67.64121733410863 0
A1 500000 AL-GDSF 60.86000 SH-LRU 47.37000 AL-LRU 42.62500 ML-GDSF-RNG 60.73500 ML-GDSF-DET 60.87000 SH-GDSF 60.43500
ACCURACY 20000 2 67.7220277559711 0
A2 500000 AL-GDSF 60.86000 SH-LRU 47.37000 AL-LRU 42.62500 ML-GDSF-RNG 60.83000 ML-GDSF-DET 60.86500 SH-GDSF 60.43500
RUN 3
W 200000 AL-GDSF 60.49250 SH-LRU 51.35550 AL-LRU 43.62900 ML-GDSF-RNG 58.99900 ML-GDSF-DET 60.48250 SH-GDSF 55.76700
W 300000 AL-GDSF 66.09600 SH-LRU 52.93900 AL-LRU 44.57500 ML-GDSF-RNG 65.57600 ML-GDSF-DET 66.12600 SH-GDSF 63.84100
W 400000 AL-GDSF 66.64200 SH-LRU 51.80500 AL-LRU 43.78400 ML-GDSF-RNG 66.19100 ML-GDSF-DET 66.66900 SH-GDSF 64.68400
W 500000 AL-GDSF 65.77600 SH-LRU 50.52400 AL-LRU 45.21300 ML-GDSF-RNG 65.53800 ML-GDSF-DET 65.85100 SH-GDSF 64.64100
B 520000 AL-GDSF 65.86000 SH-LRU 47.31000 AL-LRU 42.68500 ML-GDSF-RNG 67.17500 ML-GDSF-DET 66.07500 SH-GDSF 64.06000
ACCURACY 20000 0 61.21426900804481 0
A0 520000 AL-GDSF 65.86000 SH-LRU 47.31000 AL-LRU 42.68500 ML-GDSF-RNG 67.17000 ML-GDSF-DET 66.06000 SH-GDSF 64.06000
ACCURACY 20000 1 61.41983312304839 0
A1 520000 AL-GDSF 65.86000 SH-LRU 47.31000 AL-LRU 42.68500 ML-GDSF-RNG 67.13500 ML-GDSF-DET 66.03000 SH-GDSF 64.06000
ACCURACY 20000 2 61.89359380258341 0
A2 520000 AL-GDSF 65.86000 SH-LRU 47.31000 AL-LRU 42.68500 ML-GDSF-RNG 67.17000 ML-GDSF-DET 66.05500 SH-GDSF 64.06000
B 540000 AL-GDSF 66.96000 SH-LRU 51.29000 AL-LRU 45.72000 ML-GDSF-RNG 66.61000 ML-GDSF-DET 67.02000 SH-GDSF 65.52000
ACCURACY 20000 0 65.9697206441004 0
A0 540000 AL-GDSF 66.96000 SH-LRU 51.29000 AL-LRU 45.72000 ML-GDSF-RNG 66.62000 ML-GDSF-DET 67.02500 SH-GDSF 65.52000
ACCURACY 20000 1 66.17388042277446 0
A1 540000 AL-GDSF 66.96000 SH-LRU 51.29000 AL-LRU 45.72000 ML-GDSF-RNG 66.61000 ML-GDSF-DET 67.01500 SH-GDSF 65.52000
ACCURACY 20000 2 66.1698628734588 0
A2 540000 AL-GDSF 66.96000 SH-LRU 51.29000 AL-LRU 45.72000 ML-GDSF-RNG 66.68500 ML-GDSF-DET 67.01000 SH-GDSF 65.52000
B 560000 AL-GDSF 68.44500 SH-LRU 50.30500 AL-LRU 42.26500 ML-GDSF-RNG 68.08000 ML-GDSF-DET 68.57000 SH-GDSF 67.35500
ACCURACY 20000 0 67.93646313006289 0
A0 560000 AL-GDSF 68.44500 SH-LRU 50.30500 AL-LRU 42.26500 ML-GDSF-RNG 68.05000 ML-GDSF-DET 68.57000 SH-GDSF 67.35500
ACCURACY 20000 1 68.13081208482915 0
A1 560000 AL-GDSF 68.44500 SH-LRU 50.30500 AL-LRU 42.26500 ML-GDSF-RNG 68.02000 ML-GDSF-DET 68.57500 SH-GDSF 67.35500
ACCURACY 20000 2 68.05950192211266 0
A2 560000 AL-GDSF 68.44500 SH-LRU 50.30500 AL-LRU 42.26500 ML-GDSF-RNG 68.01500 ML-GDSF-DET 68.57000 SH-GDSF 67.35500
B 580000 AL-GDSF 68.65000 SH-LRU 47.57000 AL-LRU 41.82000 ML-GDSF-RNG 67.64500 ML-GDSF-DET 68.71500 SH-GDSF 66.80000
ACCURACY 20000 0 68.95323815033925 0
A0 580000 AL-GDSF 68.65000 SH-LRU 47.57000 AL-LRU 41.82000 ML-GDSF-RNG 67.64000 ML-GDSF-DET 68.71500 SH-GDSF 66.80000
ACCURACY 20000 1 68.96139847423358 0
A1 580000 AL-GDSF 68.65000 SH-LRU 47.57000 AL-LRU 41.82000 ML-GDSF-RNG 67.58000 ML-GDSF-DET 68.71500 SH-GDSF 66.80000
ACCURACY 20000 2 69.07515296494788 0
A2 580000 AL-GDSF 68.65000 SH-LRU 47.57000 AL-LRU 41.82000 ML-GDSF-RNG 67.63000 ML-GDSF-DET 68.71500 SH-GDSF 66.80000
B 600000 AL-GDSF 66.36000 SH-LRU 50.02000 AL-LRU 42.63500 ML-GDSF-RNG 65.85500 ML-GDSF-DET 66.43000 SH-GDSF 65.44000
ACCURACY 20000 0 69.20501599478425 0
A0 600000 AL-GDSF 66.36000 SH-LRU 50.02000 AL-LRU 42.63500 ML-GDSF-RNG 65.96000 ML-GDSF-DET 66.43000 SH-GDSF 65.44000
ACCURACY 20000 1 69.55005103535322 0
A1 600000 AL-GDSF 66.36000 SH-LRU 50.02000 AL-LRU 42.63500 ML-GDSF-RNG 65.91000 ML-GDSF-DET 66.43000 SH-GDSF 65.44000
ACCURACY 20000 2 70.14025276163429 0
A2 600000 AL-GDSF 66.36000 SH-LRU 50.02000 AL-LRU 42.63500 ML-GDSF-RNG 65.88000 ML-GDSF-DET 66.42500 SH-GDSF 65.44000
RUN 4
W 200000 AL-GDSF 60.49250 SH-LRU 51.35550 AL-LRU 43.62900 ML-GDSF-RNG 59.19650 ML-GDSF-DET 60.48700 SH-GDSF 55.76700
W 300000 AL-GDSF 66.09600 SH-LRU 52.93900 AL-LRU 44.57500 ML-GDSF-RNG 65.78200 ML-GDSF-DET 66.13300 SH-GDSF 63.84100
W 400000 AL-GDSF 66.64200 SH-LRU 51.80500 AL-LRU 43.78400 ML-GDSF-RNG 66.27100 ML-GDSF-DET 66.67800 SH-GDSF 64.68400
W 500000 AL-GDSF 65.77600 SH-LRU 50.52400 AL-LRU 45.21300 ML-GDSF-RNG 65.67900 ML-GDSF-DET 65.87700 SH-GDSF 64.64100
W 600000 AL-GDSF 67.25500 SH-LRU 49.29900 AL-LRU 43.02500 ML-GDSF-RNG 67.27600 ML-GDSF-DET 67.40000 SH-GDSF 65.83500
B 620000 AL-GDSF 64.39500 SH-LRU 49.03500 AL-LRU 42.04000 ML-GDSF-RNG 63.79000 ML-GDSF-DET 64.54000 SH-GDSF 63.23500
ACCURACY 20000 0 63.614961781775335 0
A0 620000 AL-GDSF 64.39500 SH-LRU 49.03500 AL-LRU 42.04000 ML-GDSF-RNG 63.82000 ML-GDSF-DET 64.54500 SH-GDSF 63.23500
ACCURACY 20000 1 63.53015428039922 0
A1 620000 AL-GDSF 64.39500 SH-LRU 49.03500 AL-LRU 42.04000 ML-GDSF-RNG 63.85500 ML-GDSF-DET 64.54500 SH-GDSF 63.23500
ACCURACY 20000 2 63.94071341827022 0
A2 620000 AL-GDSF 64.39500 SH-LRU 49.03500 AL-LRU 42.04000 ML-GDSF-RNG 63.77500 ML-GDSF-DET 64.54500 SH-GDSF 63.23500
B 640000 AL-GDSF 65.97500 SH-LRU 51.53500 AL-LRU 42.30000 ML-GDSF-RNG 65.90000 ML-GDSF-DET 66.11500 SH-GDSF 65.17500
ACCURACY 20000 0 66.36274744642012 0
A0 640000 AL-GDSF 65.97500 SH-LRU 51.53500 AL-LRU 42.30000 ML-GDSF-RNG 65.82500 ML-GDSF-DET 66.11000 SH-GDSF 65.17500
ACCURACY 20000 1 66.47828105494983 0
A1 640000 AL-GDSF 65.97500 SH-LRU 51.53500 AL-LRU 42.30000 ML-GDSF-RNG 65.87500 ML-GDSF-DET 66.10500 SH-GDSF 65.17500
ACCURACY 20000 2 66.5409631252225 0
A2 640000 AL-GDSF 65.97500 SH-LRU 51.53500 AL-LRU 42.30000 ML-GDSF-RNG 65.86000 ML-GDSF-DET 66.11000 SH-GDSF 65.17500
B 660000 AL-GDSF 71.39500 SH-LRU 55.40500 AL-LRU 49.08500 ML-GDSF-RNG 71.20500 ML-GDSF-DET 71.57500 SH-GDSF 70.92500
ACCURACY 20000 0 67.84853640837055 0
A0 660000 AL-GDSF 71.39500 SH-LRU 55.40500 AL-LRU 49.08500 ML-GDSF-RNG 71.26000 ML-GDSF-DET 71.57000 SH-GDSF 70.92500
ACCURACY 20000 1 67.63253038456874 0
A1 660000 AL-GDSF 71.39500 SH-LRU 55.40500 AL-LRU 49.08500 ML-GDSF-RNG 71.27500 ML-GDSF-DET 71.57000 SH-GDSF 70.92500
ACCURACY 20000 2 67.34499069485955 0
A2 660000 AL-GDSF 71.39500 SH-LRU 55.40500 AL-LRU 49.08500 ML-GDSF-RNG 71.33000 ML-GDSF-DET 71.57000 SH-GDSF 70.92500
B 680000 AL-GDSF 72.18500 SH-LRU 49.95000 AL-LRU 45.46000 ML-GDSF-RNG 72.02000 ML-GDSF-DET 72.29000 SH-GDSF 72.13000
ACCURACY 20000 0 68.878790833961 0
A0 680000 AL-GDSF 72.18500 SH-LRU 49.95000 AL-LRU 45.46000 ML-GDSF-RNG 72.01000 ML-GDSF-DET 72.30000 SH-GDSF 72.13000
ACCURACY 20000 1 68.76600634416852 0
A1 680000 AL-GDSF 72.18500 SH-LRU 49.95000 AL-LRU 45.46000 ML-GDSF-RNG 71.97000 ML-GDSF-DET 72.30000 SH-GDSF 72.13000
ACCURACY 20000 2 69.28083034813714 0
A2 680000 AL-GDSF 72.18500 SH-LRU 49.95000 AL-LRU 45.46000 ML-GDSF-RNG 71.99500 ML-GDSF-DET 72.30000 SH-GDSF 72.13000
B 700000 AL-GDSF 74.44500 SH-LRU 50.85500 AL-LRU 43.31500 ML-GDSF-RNG 74.27000 ML-GDSF-DET 74.61500 SH-GDSF 72.85500
ACCURACY 20000 0 69.09822426437852 0
A0 700000 AL-GDSF 74.44500 SH-LRU 50.85500 AL-LRU 43.31500 ML-GDSF-RNG 74.38500 ML-GDSF-DET 74.61000 SH-GDSF 72.85500
ACCURACY 20000 1 69.3325229724857 0
A1 700000 AL-GDSF 74.44500 SH-LRU 50.85500 AL-LRU 43.31500 ML-GDSF-RNG 74.33500 ML-GDSF-DET 74.61500 SH-GDSF 72.85500
ACCURACY 20000 2 69.37600615728535 0
A2 700000 AL-GDSF 74.44500 SH-LRU 50.85500 AL-LRU 43.31500 ML-GDSF-RNG 74.33000 ML-GDSF-DET 74.62500 SH-GDSF 72.85500
RUN 5
W 200000 AL-GDSF 60.49250 SH-LRU 51.35550 AL-LRU 43.62900 ML-GDSF-RNG 59.34400 ML-GDSF-DET 60.44550 SH-GDSF 55.76700
W 300000 AL-GDSF 66.09600 SH-LRU 52.93900 AL-LRU 44.57500 ML-GDSF-RNG 65.86500 ML-GDSF-DET 66.22000 SH-GDSF 63.84100
W 400000 AL-GDSF 66.64200 SH-LRU 51.80500 AL-LRU 43.78400 ML-GDSF-RNG 66.41500 ML-GDSF-DET 66.76400 SH-GDSF 64.68400
W 500000 AL-GDSF 65.77600 SH-LRU 50.52400 AL-LRU 45.21300 ML-GDSF-RNG 65.82000 ML-GDSF-DET 65.98300 SH-GDSF 64.64100
W 600000 AL-GDSF 67.25500 SH-LRU 49.29900 AL-LRU 43.02500 ML-GDSF-RNG 67.41100 ML-GDSF-DET 67.58200 SH-GDSF 65.83500
W 700000 AL-GDSF 69.67900 SH-LRU 51.35600 AL-LRU 44.44000 ML-GDSF-RNG 69.62700 ML-GDSF-DET 69.89500 SH-GDSF 68.86400
B 720000 AL-GDSF 74.44000 SH-LRU 54.87000 AL-LRU 45.76500 ML-GDSF-RNG 74.39500 ML-GDSF-DET 74.53500 SH-GDSF 74.19500
ACCURACY 20000 0 62.134495344668096 0
A0 720000 AL-GDSF 74.44000 SH-LRU 54.87000 AL-LRU 45.76500 ML-GDSF-RNG 74.25500 ML-GDSF-DET 74.55000 SH-GDSF 74.19500
ACCURACY 20000 1 62.31849652750181 0
A1 720000 AL-GDSF 74.44000 SH-LRU 54.87000 AL-LRU 45.76500 ML-GDSF-RNG 74.35500 ML-GDSF-DET 74.54500 SH-GDSF 74.19500
ACCURACY 20000 2 62.501300870519295 0
A2 720000 AL-GDSF 74.44000 SH-LRU 54.87000 AL-LRU 45.76500 ML-GDSF-RNG 74.35000 ML-GDSF-DET 74.54500 SH-GDSF 74.19500
B 740000 AL-GDSF 72.60500 SH-LRU 52.85500 AL-LRU 46.78000 ML-GDSF-RNG 72.60500 ML-GDSF-DET 72.83000 SH-GDSF 72.18500
ACCURACY 20000 0 64.78039562206216 0
A0 740000 AL-GDSF 72.60500 SH-LRU 52.85500 AL-LRU 46.78000 ML-GDSF-RNG 72.65500 ML-GDSF-DET 72.84500 SH-GDSF 72.18500
ACCURACY 20000 1 64.38096863611447 0
A1 740000 AL-GDSF 72.60500 SH-LRU 52.85500 AL-LRU 46.78000 ML-GDSF-RNG 72.60000 ML-GDSF-DET 72.85000 SH-GDSF 72.18500
ACCURACY 20000 2 64.19799501627826 0
A2 740000 AL-GDSF 72.60500 SH-LRU 52.85500 AL-LRU 46.78000 ML-GDSF-RNG 72.61000 ML-GDSF-DET 72.83500 SH-GDSF 72.18500
B 760000 AL-GDSF 72.80500 SH-LRU 56.79000 AL-LRU 48.32500 ML-GDSF-RNG 73.04000 ML-GDSF-DET 73.09000 SH-GDSF 72.51500
ACCURACY 20000 0 66.03308038620972 0
A0 760000 AL-GDSF 72.80500 SH-LRU 56.79000 AL-LRU 48.32500 ML-GDSF-RNG 73.04500 ML-GDSF-DET 73.09500 SH-GDSF 72.51500
ACCURACY 20000 1 66.06791934236809 0
A1 760000 AL-GDSF 72.80500 SH-LRU 56.79000 AL-LRU 48.32500 ML-GDSF-RNG 73.08000 ML-GDSF-DET 73.09500 SH-GDSF 72.51500
ACCURACY 20000 2 66.0970786317702 0
A2 760000 AL-GDSF 72.80500 SH-LRU 56.79000 AL-LRU 48.32500 ML-GDSF-RNG 73.07500 ML-GDSF-DET 73.10500 SH-GDSF 72.51500
B 780000 AL-GDSF 72.84000 SH-LRU 56.34000 AL-LRU 49.23500 ML-GDSF-RNG 72.78000 ML-GDSF-DET 72.96500 SH-GDSF 72.07500
ACCURACY 20000 0 67.26880876387304 0
A0 780000 AL-GDSF 72.84000 SH-LRU 56.34000 AL-LRU 49.23500 ML-GDSF-RNG 72.80500 ML-GDSF-DET 72.96500 SH-GDSF 72.07500
ACCURACY 20000 1 67.0845153270885 0
A1 780000 AL-GDSF 72.84000 SH-LRU 56.34000 AL-LRU 49.23500 ML-GDSF-RNG 72.81500 ML-GDSF-DET 72.96500 SH-GDSF 72.07500
ACCURACY 20000 2 67.3232713976208 0
A2 780000 AL-GDSF 72.84000 SH-LRU 56.34000 AL-LRU 49.23500 ML-GDSF-RNG 72.79000 ML-GDSF-DET 72.97000 SH-GDSF 72.07500
B 800000 AL-GDSF 69.22500 SH-LRU 53.91500 AL-LRU 46.66500 ML-GDSF-RNG 69.45500 ML-GDSF-DET 69.44000 SH-GDSF 68.80000
ACCURACY 20000 0 70.60583024394235 0
A0 800000 AL-GDSF 69.22500 SH-LRU 53.91500 AL-LRU 46.66500 ML-GDSF-RNG 69.46500 ML-GDSF-DET 69.44000 SH-GDSF 68.80000
ACCURACY 20000 1 70.56325589585055 0
A1 800000 AL-GDSF 69.22500 SH-LRU 53.91500 AL-LRU 46.66500 ML-GDSF-RNG 69.45500 ML-GDSF-DET 69.44000 SH-GDSF 68.80000
ACCURACY 20000 2 70.33187155952618 0
A2 800000 AL-GDSF 69.22500 SH-LRU 53.91500 AL-LRU 46.66500 ML-GDSF-RNG 69.47500 ML-GDSF-DET 69.43500 SH-GDSF 68.80000
RUN 6
W 200000 AL-GDSF 60.49250 SH-LRU 51.35550 AL-LRU 43.62900 ML-GDSF-RNG 59.37550 ML-GDSF-DET 60.44650 SH-GDSF 55.76700
W 300000 AL-GDSF 66.09600 SH-LRU 52.93900 AL-LRU 44.57500 ML-GDSF-RNG 65.90000 ML-GDSF-DET 66.23200 SH-GDSF 63.84100
W 400000 AL-GDSF 66.64200 SH-LRU 51.80500 AL-LRU 43.78400 ML-GDSF-RNG 66.45300 ML-GDSF-DET 66.75800 SH-GDSF 64.68400
W 500000 AL-GDSF 65.77600 SH-LRU 50.52400 AL-LRU 45.21300 ML-GDSF-RNG 65.89300 ML-GDSF-DET 65.97300 SH-GDSF 64.64100
W 600000 AL-GDSF 67.25500 SH-LRU 49.29900 AL-LRU 43.02500 ML-GDSF-RNG 67.47400 ML-GDSF-DET 67.55500 SH-GDSF 65.83500
W 700000 AL-GDSF 69.67900 SH-LRU 51.35600 AL-LRU 44.44000 ML-GDSF-RNG 69.76800 ML-GDSF-DET 69.87500 SH-GDSF 68.86400
W 800000 AL-GDSF 72.38300 SH-LRU 54.95400 AL-LRU 47.35400 ML-GDSF-RNG 72.49100 ML-GDSF-DET 72.58700 SH-GDSF 71.95400
B 820000 AL-GDSF 61.73000 SH-LRU 44.74500 AL-LRU 39.69500 ML-GDSF-RNG 61.96500 ML-GDSF-DET 61.93000 SH-GDSF 61.60000
ACCURACY 20000 0 64.82315929795138 0
A0 820000 AL-GDSF 61.73000 SH-LRU 44.74500 AL-LRU 39.69500 ML-GDSF-RNG 61.88500 ML-GDSF-DET 61.92000 SH-GDSF 61.60000
ACCURACY 20000 1 65.0312279940108 0
A1 820000 AL-GDSF 61.73000 SH-LRU 44.74500 AL-LRU 39.69500 ML-GDSF-RNG 61.98000 ML-GDSF-DET 61.93000 SH-GDSF 61.60000
ACCURACY 20000 2 65.10503667530597 0
A2 820000 AL-GDSF 61.73000 SH-LRU 44.74500 AL-LRU 39.69500 ML-GDSF-RNG 61.87500 ML-GDSF-DET 61.95000 SH-GDSF 61.60000
B 840000 AL-GDSF 66.94000 SH-LRU 52.35500 AL-LRU 46.60500 ML-GDSF-RNG 67.07000 ML-GDSF-DET 67.24000 SH-GDSF 66.60500
ACCURACY 20000 0 67.00470788326595 0
A0 840000 AL-GDSF 66.94000 SH-LRU 52.35500 AL-LRU 46.60500 ML-GDSF-RNG 67.08000 ML-GDSF-DET 67.24500 SH-GDSF 66.60500
ACCURACY 20000 1 66.92472572763309 0
A1 840000 AL-GDSF 66.94000 SH-LRU 52.35500 AL-LRU 46.60500 ML-GDSF-RNG 67.12000 ML-GDSF-DET 67.25500 SH-GDSF 66.60500
ACCURACY 20000 2 67.04810058017415 0
A2 840000 AL-GDSF 66.94000 SH-LRU 52.35500 AL-LRU 46.60500 ML-GDSF-RNG 67.06500 ML-GDSF-DET 67.25000 SH-GDSF 66.60500
B 860000 AL-GDSF 68.16000 SH-LRU 52.27500 AL-LRU 47.21000 ML-GDSF-RNG 68.27000 ML-GDSF-DET 68.36000 SH-GDSF 67.99000
ACCURACY 20000 0 68.3541574728599 0
A0 860000 AL-GDSF 68.16000 SH-LRU 52.27500 AL-LRU 47.21000 ML-GDSF-RNG 68.24500 ML-GDSF-DET 68.36000 SH-GDSF 67.99000
ACCURACY 20000 1 68.30349745576294 0
A1 860000 AL-GDSF 68.16000 SH-LRU 52.27500 AL-LRU 47.21000 ML-GDSF-RNG 68.27500 ML-GDSF-DET 68.36000 SH-GDSF 67.99000
ACCURACY 20000 2 68.33849973684207 0
A2 860000 AL-GDSF 68.16000 SH-LRU 52.27500 AL-LRU 47.21000 ML-GDSF-RNG 68.29000 ML-GDSF-DET 68.37000 SH-GDSF 67.99000
B 880000 AL-GDSF 69.60500 SH-LRU 55.05500 AL-LRU 51.49000 ML-GDSF-RNG 69.90000 ML-GDSF-DET 69.85000 SH-GDSF 69.44500
ACCURACY 20000 0 68.86231189601003 0
A0 880000 AL-GDSF 69.60500 SH-LRU 55.05500 AL-LRU 51.49000 ML-GDSF-RNG 69.81000 ML-GDSF-DET 69.83000 SH-GDSF 69.44500
ACCURACY 20000 1 69.13523892415165 0
A1 880000 AL-GDSF 69.60500 SH-LRU 55.05500 AL-LRU 51.49000 ML-GDSF-RNG 69.88500 ML-GDSF-DET 69.84500 SH-GDSF 69.44500
ACCURACY 20000 2 69.122889844117 0
A2 880000 AL-GDSF 69.60500 SH-LRU 55.05500 AL-LRU 51.49000 ML-GDSF-RNG 69.78000 ML-GDSF-DET 69.83500 SH-GDSF 69.44500
B 900000 AL-GDSF 71.18000 SH-LRU 52.61500 AL-LRU 48.66000 ML-GDSF-RNG 71.47500 ML-GDSF-DET 71.46000 SH-GDSF 70.84000
ACCURACY 20000 0 68.99607860230971 0
A0 900000 AL-GDSF 71.18000 SH-LRU 52.61500 AL-LRU 48.66000 ML-GDSF-RNG 71.55500 ML-GDSF-DET 71.46500 SH-GDSF 70.84000
ACCURACY 20000 1 68.97591774770947 0
A1 900000 AL-GDSF 71.18000 SH-LRU 52.61500 AL-LRU 48.66000 ML-GDSF-RNG 71.55500 ML-GDSF-DET 71.46000 SH-GDSF 70.84000
ACCURACY 20000 2 68.86013763821082 0
A2 900000 AL-GDSF 71.18000 SH-LRU 52.61500 AL-LRU 48.66000 ML-GDSF-RNG 71.52000 ML-GDSF-DET 71.46500 SH-GDSF 70.84000
RUN 7
W 200000 AL-GDSF 60.49250 SH-LRU 51.35550 AL-LRU 43.62900 ML-GDSF-RNG 59.47700 ML-GDSF-DET 60.46050 SH-GDSF 55.76700
W 300000 AL-GDSF 66.09600 SH-LRU 52.93900 AL-LRU 44.57500 ML-GDSF-RNG 66.00100 ML-GDSF-DET 66.27200 SH-GDSF 63.84100
W 400000 AL-GDSF 66.64200 SH-LRU 51.80500 AL-LRU 43.78400 ML-GDSF-RNG 66.52000 ML-GDSF-DET 66.83300 SH-GDSF 64.68400
W 500000 AL-GDSF 65.77600 SH-LRU 50.52400 AL-LRU 45.21300 ML-GDSF-RNG 65.97800 ML-GDSF-DET 66.08600 SH-GDSF 64.64100
W 600000 AL-GDSF 67.25500 SH-LRU 49.29900 AL-LRU 43.02500 ML-GDSF-RNG 67.61200 ML-GDSF-DET 67.74500 SH-GDSF 65.83500
W 700000 AL-GDSF 69.67900 SH-LRU 51.35600 AL-LRU 44.44000 ML-GDSF-RNG 69.79100 ML-GDSF-DET 69.99400 SH-GDSF 68.86400
W 800000 AL-GDSF 72.38300 SH-LRU 54.95400 AL-LRU 47.35400 ML-GDSF-RNG 72.56600 ML-GDSF-DET 72.69400 SH-GDSF 71.95400
W 900000 AL-GDSF 67.52300 SH-LRU 51.40900 AL-LRU 46.73200 ML-GDSF-RNG 67.79100 ML-GDSF-DET 67.89500 SH-GDSF 67.29600
B 920000 AL-GDSF 70.75500 SH-LRU 53.56500 AL-LRU 48.81500 ML-GDSF-RNG 70.95500 ML-GDSF-DET 71.07000 SH-GDSF 70.56000
ACCURACY 20000 0 64.4468190096574 0
A0 920000 AL-GDSF 70.75500 SH-LRU 53.56500 AL-LRU 48.81500 ML-GDSF-RNG 70.89000 ML-GDSF-DET 71.06500 SH-GDSF 70.56000
ACCURACY 20000 1 64.50519594251064 0
A1 920000 AL-GDSF 70.75500 SH-LRU 53.56500 AL-LRU 48.81500 ML-GDSF-RNG 70.96500 ML-GDSF-DET 71.07500 SH-GDSF 70.56000
ACCURACY 20000 2 64.67067130463933 0
A2 920000 AL-GDSF 70.75500 SH-LRU 53.56500 AL-LRU 48.81500 ML-GDSF-RNG 70.95000 ML-GDSF-DET 71.07500 SH-GDSF 70.56000
B 940000 AL-GDSF 71.31000 SH-LRU 53.20500 AL-LRU 49.45500 ML-GDSF-RNG 71.53500 ML-GDSF-DET 71.58000 SH-GDSF 71.08500
ACCURACY 20000 0 64.96396592945497 0
A0 940000 AL-GDSF 71.31000 SH-LRU 53.20500 AL-LRU 49.45500 ML-GDSF-RNG 71.46500 ML-GDSF-DET 71.57000 SH-GDSF 71.08500
ACCURACY 20000 1 64.98040100705097 0
A1 940000 AL-GDSF 71.31000 SH-LRU 53.20500 AL-LRU 49.45500 ML-GDSF-RNG 71.50500 ML-GDSF-DET 71.59000 SH-GDSF 71.08500
ACCURACY 20000 2 65.02757020498858 0
A2 940000 AL-GDSF 71.31000 SH-LRU 53.20500 AL-LRU 49.45500 ML-GDSF-RNG 71.50000 ML-GDSF-DET 71.59000 SH-GDSF 71.08500
B 960000 AL-GDSF 69.96000 SH-LRU 54.19500 AL-LRU 47.02000 ML-GDSF-RNG 70.13000 ML-GDSF-DET 70.28500 SH-GDSF 69.44500
ACCURACY 20000 0 66.69775286770617 0
A0 960000 AL-GDSF 69.96000 SH-LRU 54.19500 AL-LRU 47.02000 ML-GDSF-RNG 70.11000 ML-GDSF-DET 70.28500 SH-GDSF 69.44500
ACCURACY 20000 1 66.8901998044916 0
A1 960000 AL-GDSF 69.96000 SH-LRU 54.19500 AL-LRU 47.02000 ML-GDSF-RNG 70.14500 ML-GDSF-DET 70.28000 SH-GDSF 69.44500
ACCURACY 20000 2 66.95596175834089 0
A2 960000 AL-GDSF 69.96000 SH-LRU 54.19500 AL-LRU 47.02000 ML-GDSF-RNG 70.15000 ML-GDSF-DET 70.28500 SH-GDSF 69.44500
B 980000 AL-GDSF 73.39000 SH-LRU 54.11500 AL-LRU 48.04500 ML-GDSF-RNG 73.60500 ML-GDSF-DET 73.84500 SH-GDSF 73.16000
ACCURACY 20000 0 68.03650942218894 0
A0 980000 AL-GDSF 73.39000 SH-LRU 54.11500 AL-LRU 48.04500 ML-GDSF-RNG 73.56000 ML-GDSF-DET 73.83500 SH-GDSF 73.16000
ACCURACY 20000 1 68.35301299051973 0
A1 980000 AL-GDSF 73.39000 SH-LRU 54.11500 AL-LRU 48.04500 ML-GDSF-RNG 73.57000 ML-GDSF-DET 73.83000 SH-GDSF 73.16000
ACCURACY 20000 2 68.57607366649194 0
A2 980000 AL-GDSF 73.39000 SH-LRU 54.11500 AL-LRU 48.04500 ML-GDSF-RNG 73.61500 ML-GDSF-DET 73.82000 SH-GDSF 73.16000
B 1000000 AL-GDSF 70.89000 SH-LRU 53.81500 AL-LRU 49.63500 ML-GDSF-RNG 71.32000 ML-GDSF-DET 71.34500 SH-GDSF 71.18000
ACCURACY 20000 0 68.8232110809434 0
A0 1000000 AL-GDSF 70.89000 SH-LRU 53.81500 AL-LRU 49.63500 ML-GDSF-RNG 71.33000 ML-GDSF-DET 71.34500 SH-GDSF 71.18000
ACCURACY 20000 1 68.74730916409378 0
A1 1000000 AL-GDSF 70.89000 SH-LRU 53.81500 AL-LRU 49.63500 ML-GDSF-RNG 71.35000 ML-GDSF-DET 71.34000 SH-GDSF 71.18000
ACCURACY 20000 2 68.65733299345666 0
A2 1000000 AL-GDSF 70.89000 SH-LRU 53.81500 AL-LRU 49.63500 ML-GDSF-RNG 71.31500 ML-GDSF-DET 71.35000 SH-GDSF 71.18000
RUN 8
W 200000 AL-GDSF 60.49250 SH-LRU 51.35550 AL-LRU 43.62900 ML-GDSF-RNG 59.57800 ML-GDSF-DET 60.45900 SH-GDSF 55.76700
W 300000 AL-GDSF 66.09600 SH-LRU 52.93900 AL-LRU 44.57500 ML-GDSF-RNG 66.06100 ML-GDSF-DET 66.37900 SH-GDSF 63.84100
W 400000 AL-GDSF 66.64200 SH-LRU 51.80500 AL-LRU 43.78400 ML-GDSF-RNG 66.68000 ML-GDSF-DET 66.95500 SH-GDSF 64.68400
W 500000 AL-GDSF 65.77600 SH-LRU 50.52400 AL-LRU 45.21300 ML-GDSF-RNG 66.13500 ML-GDSF-DET 66.29100 SH-GDSF 64.64100
W 600000 AL-GDSF 67.25500 SH-LRU 49.29900 AL-LRU 43.02500 ML-GDSF-RNG 67.75700 ML-GDSF-DET 68.06200 SH-GDSF 65.83500
W 700000 AL-GDSF 69.67900 SH-LRU 51.35600 AL-LRU 44.44000 ML-GDSF-RNG 69.90600 ML-GDSF-DET 70.15300 SH-GDSF 68.86400
W 800000 AL-GDSF 72.38300 SH-LRU 54.95400 AL-LRU 47.35400 ML-GDSF-RNG 72.71300 ML-GDSF-DET 72.90600 SH-GDSF 71.95400
W 900000 AL-GDSF 67.52300 SH-LRU 51.40900 AL-LRU 46.73200 ML-GDSF-RNG 67.90000 ML-GDSF-DET 68.17200 SH-GDSF 67.29600
W 1000000 AL-GDSF 71.26100 SH-LRU 53.77900 AL-LRU 48.59400 ML-GDSF-RNG 71.56300 ML-GDSF-DET 71.83600 SH-GDSF 71.08600
B 1020000 AL-GDSF 71.09500 SH-LRU 50.30000 AL-LRU 46.69500 ML-GDSF-RNG 71.56500 ML-GDSF-DET 71.98500 SH-GDSF 70.82000
ACCURACY 20000 0 67.37796655672382 0
A0 1020000 AL-GDSF 71.09500 SH-LRU 50.30000 AL-LRU 46.69500 ML-GDSF-RNG 71.56000 ML-GDSF-DET 71.98000 SH-GDSF 70.82000
ACCURACY 20000 1 67.51515010046603 0
A1 1020000 AL-GDSF 71.09500 SH-LRU 50.30000 AL-LRU 46.69500 ML-GDSF-RNG 71.60000 ML-GDSF-DET 71.99000 SH-GDSF 70.82000
ACCURACY 20000 2 67.38190458814931 0
A2 1020000 AL-GDSF 71.09500 SH-LRU 50.30000 AL-LRU 46.69500 ML-GDSF-RNG 71.53500 ML-GDSF-DET 71.99500 SH-GDSF 70.82000
B 1040000 AL-GDSF 72.11500 SH-LRU 56.30500 AL-LRU 53.01000 ML-GDSF-RNG 72.14000 ML-GDSF-DET 72.62000 SH-GDSF 71.70000
ACCURACY 20000 0 66.28623858525499 0
A0 1040000 AL-GDSF 72.11500 SH-LRU 56.30500 AL-LRU 53.01000 ML-GDSF-RNG 72.13000 ML-GDSF-DET 72.61500 SH-GDSF 71.70000
ACCURACY 20000 1 66.43889445180127 0
A1 1040000 AL-GDSF 72.11500 SH-LRU 56.30500 AL-LRU 53.01000 ML-GDSF-RNG 72.14000 ML-GDSF-DET 72.61500 SH-GDSF 71.70000
ACCURACY 20000 2 66.73333946847087 0
A2 1040000 AL-GDSF 72.11500 SH-LRU 56.30500 AL-LRU 53.01000 ML-GDSF-RNG 72.20500 ML-GDSF-DET 72.63000 SH-GDSF 71.70000
B 1060000 AL-GDSF 73.13500 SH-LRU 57.87500 AL-LRU 53.24500 ML-GDSF-RNG 73.10500 ML-GDSF-DET 73.52000 SH-GDSF 72.40000
ACCURACY 20000 0 66.51313705792478 0
A0 1060000 AL-GDSF 73.13500 SH-LRU 57.87500 AL-LRU 53.24500 ML-GDSF-RNG 73.12000 ML-GDSF-DET 73.52000 SH-GDSF 72.40000
ACCURACY 20000 1 66.42002089068698 0
A1 1060000 AL-GDSF 73.13500 SH-LRU 57.87500 AL-LRU 53.24500 ML-GDSF-RNG 73.15500 ML-GDSF-DET 73.53000 SH-GDSF 72.40000
ACCURACY 20000 2 66.40238004328171 0
A2 1060000 AL-GDSF 73.13500 SH-LRU 57.87500 AL-LRU 53.24500 ML-GDSF-RNG 73.13500 ML-GDSF-DET 73.54000 SH-GDSF 72.40000
B 1080000 AL-GDSF 72.15500 SH-LRU 55.86500 AL-LRU 49.87000 ML-GDSF-RNG 72.41000 ML-GDSF-DET 72.68000 SH-GDSF 71.97500
ACCURACY 20000 0 66.86891071639648 0
A0 1080000 AL-GDSF 72.15500 SH-LRU 55.86500 AL-LRU 49.87000 ML-GDSF-RNG 72.41000 ML-GDSF-DET 72.69500 SH-GDSF 71.97500
ACCURACY 20000 1 66.71712185578762 0
A1 1080000 AL-GDSF 72.15500 SH-LRU 55.86500 AL-LRU 49.87000 ML-GDSF-RNG 72.44000 ML-GDSF-DET 72.67500 SH-GDSF 71.97500
ACCURACY 20000 2 66.83432805639306 0
A2 1080000 AL-GDSF 72.15500 SH-LRU 55.86500 AL-LRU 49.87000 ML-GDSF-RNG 72.49000 ML-GDSF-DET 72.69500 SH-GDSF 71.97500
B 1100000 AL-GDSF 73.42000 SH-LRU 50.68000 AL-LRU 45.38500 ML-GDSF-RNG 73.56000 ML-GDSF-DET 74.01500 SH-GDSF 72.94000
ACCURACY 20000 0 66.93280236286523 0
A0 1100000 AL-GDSF 73.42000 SH-LRU 50.68000 AL-LRU 45.38500 ML-GDSF-RNG 73.61500 ML-GDSF-DET 74.01500 SH-GDSF 72.94000
ACCURACY 20000 1 67.01102951871938 0
A1 1100000 AL-GDSF 73.42000 SH-LRU 50.68000 AL-LRU 45.38500 ML-GDSF-RNG 73.57000 ML-GDSF-DET 74.02000 SH-GDSF 72.94000
ACCURACY 20000 2 67.1491078213561 0
A2 1100000 AL-GDSF 73.42000 SH-LRU 50.68000 AL-LRU 45.38500 ML-GDSF-RNG 73.60500 ML-GDSF-DET 74.02000 SH-GDSF 72.94000
RUN 9
W 200000 AL-GDSF 60.49250 SH-LRU 51.35550 AL-LRU 43.62900 ML-GDSF-RNG 59.72200 ML-GDSF-DET 60.47750 SH-GDSF 55.76700
W 300000 AL-GDSF 66.09600 SH-LRU 52.93900 AL-LRU 44.57500 ML-GDSF-RNG 66.15200 ML-GDSF-DET 66.54900 SH-GDSF 63.84100
W 400000 AL-GDSF 66.64200 SH-LRU 51.80500 AL-LRU 43.78400 ML-GDSF-RNG 66.79700 ML-GDSF-DET 67.13100 SH-GDSF 64.68400
W 500000 AL-GDSF 65.77600 SH-LRU 50.52400 AL-LRU 45.21300 ML-GDSF-RNG 66.20200 ML-GDSF-DET 66.38100 SH-GDSF 64.64100
W 600000 AL-GDSF 67.25500 SH-LRU 49.29900 AL-LRU 43.02500 ML-GDSF-RNG 67.99300 ML-GDSF-DET 68.18400 SH-GDSF 65.83500
W 700000 AL-GDSF 69.67900 SH-LRU 51.35600 AL-LRU 44.44000 ML-GDSF-RNG 69.99800 ML-GDSF-DET 70.19000 SH-GDSF 68.86400
W 800000 AL-GDSF 72.38300 SH-LRU 54.95400 AL-LRU 47.35400 ML-GDSF-RNG 72.73700 ML-GDSF-DET 72.95600 SH-GDSF 71.95400
W 900000 AL-GDSF 67.52300 SH-LRU 51.40900 AL-LRU 46.73200 ML-GDSF-RNG 67.90400 ML-GDSF-DET 68.24200 SH-GDSF 67.29600
W 1000000 AL-GDSF 71.26100 SH-LRU 53.77900 AL-LRU 48.59400 ML-GDSF-RNG 71.64800 ML-GDSF-DET 71.92200 SH-GDSF 71.08600
W 1100000 AL-GDSF 72.38400 SH-LRU 54.20500 AL-LRU 49.64100 ML-GDSF-RNG 72.68900 ML-GDSF-DET 73.05500 SH-GDSF 71.96700
B 1120000 AL-GDSF 67.00500 SH-LRU 50.84500 AL-LRU 45.88500 ML-GDSF-RNG 67.42500 ML-GDSF-DET 67.80500 SH-GDSF 66.73000
ACCURACY 20000 0 67.39337904319595 0
A0 1120000 AL-GDSF 67.00500 SH-LRU 50.84500 AL-LRU 45.88500 ML-GDSF-RNG 67.47000 ML-GDSF-DET 67.81000 SH-GDSF 66.73000
ACCURACY 20000 1 67.33368390175453 0
A1 1120000 AL-GDSF 67.00500 SH-LRU 50.84500 AL-LRU 45.88500 ML-GDSF-RNG 67.47000 ML-GDSF-DET 67.80000 SH-GDSF 66.73000
ACCURACY 20000 2 67.27846997071165 0
A2 1120000 AL-GDSF 67.00500 SH-LRU 50.84500 AL-LRU 45.88500 ML-GDSF-RNG 67.42500 ML-GDSF-DET 67.78000 SH-GDSF 66.73000
B 1140000 AL-GDSF 65.82000 SH-LRU 45.42000 AL-LRU 40.51500 ML-GDSF-RNG 66.07000 ML-GDSF-DET 66.57500 SH-GDSF 64.98500
ACCURACY 20000 0 68.6515687684444 0
A0 1140000 AL-GDSF 65.82000 SH-LRU 45.42000 AL-LRU 40.51500 ML-GDSF-RNG 66.03500 ML-GDSF-DET 66.57500 SH-GDSF 64.98500
ACCURACY 20000 1 68.87757360549605 0
A1 1140000 AL-GDSF 65.82000 SH-LRU 45.42000 AL-LRU 40.51500 ML-GDSF-RNG 66.08500 ML-GDSF-DET 66.57000 SH-GDSF 64.98500
ACCURACY 20000 2 69.05400242869605 0
A2 1140000 AL-GDSF 65.82000 SH-LRU 45.42000 AL-LRU 40.51500 ML-GDSF-RNG 66.06500 ML-GDSF-DET 66.57000 SH-GDSF 64.98500
B 1160000 AL-GDSF 69.27000 SH-LRU 52.57000 AL-LRU 46.99000 ML-GDSF-RNG 69.55000 ML-GDSF-DET 70.00500 SH-GDSF 68.63000
ACCURACY 20000 0 67.64105602791147 0
A0 1160000 AL-GDSF 69.27000 SH-LRU 52.57000 AL-LRU 46.99000 ML-GDSF-RNG 69.59000 ML-GDSF-DET 70.01000 SH-GDSF 68.63000
ACCURACY 20000 1 67.8107856045644 0
A1 1160000 AL-GDSF 69.27000 SH-LRU 52.57000 AL-LRU 46.99000 ML-GDSF-RNG 69.59000 ML-GDSF-DET 70.01500 SH-GDSF 68.63000
ACCURACY 20000 2 67.89711482658475 0
A2 1160000 AL-GDSF 69.27000 SH-LRU 52.57000 AL-LRU 46.99000 ML-GDSF-RNG 69.60000 ML-GDSF-DET 70.01000 SH-GDSF 68.63000
B 1180000 AL-GDSF 69.61500 SH-LRU 51.42000 AL-LRU 45.02500 ML-GDSF-RNG 70.12000 ML-GDSF-DET 70.74000 SH-GDSF 69.17500
ACCURACY 20000 0 68.2694728758594 0
A0 1180000 AL-GDSF 69.61500 SH-LRU 51.42000 AL-LRU 45.02500 ML-GDSF-RNG 70.16000 ML-GDSF-DET 70.74000 SH-GDSF 69.17500
ACCURACY 20000 1 68.53129440894948 0
A1 1180000 AL-GDSF 69.61500 SH-LRU 51.42000 AL-LRU 45.02500 ML-GDSF-RNG 70.16500 ML-GDSF-DET 70.73500 SH-GDSF 69.17500
ACCURACY 20000 2 68.63862832972032 0
A2 1180000 AL-GDSF 69.61500 SH-LRU 51.42000 AL-LRU 45.02500 ML-GDSF-RNG 70.16000 ML-GDSF-DET 70.74000 SH-GDSF 69.17500
B 1200000 AL-GDSF 66.97000 SH-LRU 52.36500 AL-LRU 47.72000 ML-GDSF-RNG 67.22500 ML-GDSF-DET 67.64500 SH-GDSF 66.31500
ACCURACY 20000 0 70.7851036116205 0
A0 1200000 AL-GDSF 66.97000 SH-LRU 52.36500 AL-LRU 47.72000 ML-GDSF-RNG 67.25000 ML-GDSF-DET 67.64500 SH-GDSF 66.31500
ACCURACY 20000 1 70.87916844452937 0
A1 1200000 AL-GDSF 66.97000 SH-LRU 52.36500 AL-LRU 47.72000 ML-GDSF-RNG 67.24500 ML-GDSF-DET 67.65000 SH-GDSF 66.31500
ACCURACY 20000 2 70.84246534230188 0
A2 1200000 AL-GDSF 66.97000 SH-LRU 52.36500 AL-LRU 47.72000 ML-GDSF-RNG 67.26500 ML-GDSF-DET 67.65000 SH-GDSF 66.31500
RUN 10
W 200000 AL-GDSF 60.49250 SH-LRU 51.35550 AL-LRU 43.62900 ML-GDSF-RNG 59.90700 ML-GDSF-DET 60.42100 SH-GDSF 55.76700
W 300000 AL-GDSF 66.09600 SH-LRU 52.93900 AL-LRU 44.57500 ML-GDSF-RNG 66.28400 ML-GDSF-DET 66.45400 SH-GDSF 63.84100
W 400000 AL-GDSF 66.64200 SH-LRU 51.80500 AL-LRU 43.78400 ML-GDSF-RNG 66.92400 ML-GDSF-DET 67.03700 SH-GDSF 64.68400
W 500000 AL-GDSF 65.77600 SH-LRU 50.52400 AL-LRU 45.21300 ML-GDSF-RNG 66.36200 ML-GDSF-DET 66.37200 SH-GDSF 64.64100
W 600000 AL-GDSF 67.25500 SH-LRU 49.29900 AL-LRU 43.02500 ML-GDSF-RNG 68.15400 ML-GDSF-DET 68.19400 SH-GDSF 65.83500
W 700000 AL-GDSF 69.67900 SH-LRU 51.35600 AL-LRU 44.44000 ML-GDSF-RNG 70.06200 ML-GDSF-DET 70.20800 SH-GDSF 68.86400
W 800000 AL-GDSF 72.38300 SH-LRU 54.95400 AL-LRU 47.35400 ML-GDSF-RNG 72.83000 ML-GDSF-DET 72.98200 SH-GDSF 71.95400
W 900000 AL-GDSF 67.52300 SH-LRU 51.40900 AL-LRU 46.73200 ML-GDSF-RNG 67.96000 ML-GDSF-DET 68.36700 SH-GDSF 67.29600
W 1000000 AL-GDSF 71.26100 SH-LRU 53.77900 AL-LRU 48.59400 ML-GDSF-RNG 71.77500 ML-GDSF-DET 72.06700 SH-GDSF 71.08600
W 1100000 AL-GDSF 72.38400 SH-LRU 54.20500 AL-LRU 49.64100 ML-GDSF-RNG 72.76000 ML-GDSF-DET 73.15300 SH-GDSF 71.96700
W 1200000 AL-GDSF 67.73600 SH-LRU 50.52400 AL-LRU 45.22700 ML-GDSF-RNG 68.17700 ML-GDSF-DET 68.68700 SH-GDSF 67.16700
B 1220000 AL-GDSF 67.66500 SH-LRU 52.65500 AL-LRU 46.80500 ML-GDSF-RNG 67.85500 ML-GDSF-DET 68.17500 SH-GDSF 67.18500
ACCURACY 20000 0 68.07415566494373 0
A0 1220000 AL-GDSF 67.66500 SH-LRU 52.65500 AL-LRU 46.80500 ML-GDSF-RNG 67.89000 ML-GDSF-DET 68.17500 SH-GDSF 67.18500
ACCURACY 20000 1 68.07700405211779 0
A1 1220000 AL-GDSF 67.66500 SH-LRU 52.65500 AL-LRU 46.80500 ML-GDSF-RNG 67.89500 ML-GDSF-DET 68.18000 SH-GDSF 67.18500
ACCURACY 20000 2 68.03263207652303 0
A2 1220000 AL-GDSF 67.66500 SH-LRU 52.65500 AL-LRU 46.80500 ML-GDSF-RNG 67.93500 ML-GDSF-DET 68.18000 SH-GDSF 67.18500
B 1240000 AL-GDSF 63.88500 SH-LRU 47.45000 AL-LRU 42.55500 ML-GDSF-RNG 64.93000 ML-GDSF-DET 65.52000 SH-GDSF 64.15500
ACCURACY 20000 0 74.13079077176646 0
A0 1240000 AL-GDSF 63.88500 SH-LRU 47.45000 AL-LRU 42.55500 ML-GDSF-RNG 64.98000 ML-GDSF-DET 65.52500 SH-GDSF 64.15500
ACCURACY 20000 1 74.17823723577513 0
A1 1240000 AL-GDSF 63.88500 SH-LRU 47.45000 AL-LRU 42.55500 ML-GDSF-RNG 64.92000 ML-GDSF-DET 65.53000 SH-GDSF 64.15500
ACCURACY 20000 2 74.17380389242622 0
A2 1240000 AL-GDSF 63.88500 SH-LRU 47.45000 AL-LRU 42.55500 ML-GDSF-RNG 64.91500 ML-GDSF-DET 65.54000 SH-GDSF 64.15500
B 1260000 AL-GDSF 63.89000 SH-LRU 47.13500 AL-LRU 42.69000 ML-GDSF-RNG 64.89000 ML-GDSF-DET 65.69000 SH-GDSF 63.80500
ACCURACY 20000 0 75.72126814888347 0
A0 1260000 AL-GDSF 63.89000 SH-LRU 47.13500 AL-LRU 42.69000 ML-GDSF-RNG 64.89000 ML-GDSF-DET 65.69500 SH-GDSF 63.80500
ACCURACY 20000 1 75.8825542971258 0
A1 1260000 AL-GDSF 63.89000 SH-LRU 47.13500 AL-LRU 42.69000 ML-GDSF-RNG 64.91000 ML-GDSF-DET 65.68000 SH-GDSF 63.80500
ACCURACY 20000 2 75.85850581706708 0
A2 1260000 AL-GDSF 63.89000 SH-LRU 47.13500 AL-LRU 42.69000 ML-GDSF-RNG 64.85500 ML-GDSF-DET 65.68500 SH-GDSF 63.80500
B 1280000 AL-GDSF 70.31500 SH-LRU 54.72000 AL-LRU 47.28500 ML-GDSF-RNG 70.64000 ML-GDSF-DET 71.05000 SH-GDSF 69.52000
ACCURACY 20000 0 70.18212164888352 0
A0 1280000 AL-GDSF 70.31500 SH-LRU 54.72000 AL-LRU 47.28500 ML-GDSF-RNG 70.66500 ML-GDSF-DET 71.04000 SH-GDSF 69.52000
ACCURACY 20000 1 70.56590595060402 0
A1 1280000 AL-GDSF 70.31500 SH-LRU 54.72000 AL-LRU 47.28500 ML-GDSF-RNG 70.61000 ML-GDSF-DET 71.04000 SH-GDSF 69.52000
ACCURACY 20000 2 70.87180924479078 0
A2 1280000 AL-GDSF 70.31500 SH-LRU 54.72000 AL-LRU 47.28500 ML-GDSF-RNG 70.58500 ML-GDSF-DET 71.05000 SH-GDSF 69.52000
B 1300000 AL-GDSF 73.92500 SH-LRU 56.65500 AL-LRU 50.98500 ML-GDSF-RNG 74.57500 ML-GDSF-DET 74.84500 SH-GDSF 73.70000
ACCURACY 20000 0 69.84884070742562 0
A0 1300000 AL-GDSF 73.92500 SH-LRU 56.65500 AL-LRU 50.98500 ML-GDSF-RNG 74.57500 ML-GDSF-DET 74.84500 SH-GDSF 73.70000
ACCURACY 20000 1 69.74954486481778 0
A1 1300000 AL-GDSF 73.92500 SH-LRU 56.65500 AL-LRU 50.98500 ML-GDSF-RNG 74.58000 ML-GDSF-DET 74.82500 SH-GDSF 73.70000
ACCURACY 20000 2 69.99361491803687 0
A2 1300000 AL-GDSF 73.92500 SH-LRU 56.65500 AL-LRU 50.98500 ML-GDSF-RNG 74.57500 ML-GDSF-DET 74.84000 SH-GDSF 73.70000
RUN 11
W 200000 AL-GDSF 60.49250 SH-LRU 51.35550 AL-LRU 43.62900 ML-GDSF-RNG 59.99350 ML-GDSF-DET 60.34450 SH-GDSF 55.76700
W 300000 AL-GDSF 66.09600 SH-LRU 52.93900 AL-LRU 44.57500 ML-GDSF-RNG 66.34300 ML-GDSF-DET 66.35500 SH-GDSF 63.84100
W 400000 AL-GDSF 66.64200 SH-LRU 51.80500 AL-LRU 43.78400 ML-GDSF-RNG 66.99700 ML-GDSF-DET 66.95600 SH-GDSF 64.68400
W 500000 AL-GDSF 65.77600 SH-LRU 50.52400 AL-LRU 45.21300 ML-GDSF-RNG 66.34200 ML-GDSF-DET 66.28800 SH-GDSF 64.64100
W 600000 AL-GDSF 67.25500 SH-LRU 49.29900 AL-LRU 43.02500 ML-GDSF-RNG 68.18100 ML-GDSF-DET 68.15200 SH-GDSF 65.83500
W 700000 AL-GDSF 69.67900 SH-LRU 51.35600 AL-LRU 44.44000 ML-GDSF-RNG 70.10800 ML-GDSF-DET 70.17800 SH-GDSF 68.86400
W 800000 AL-GDSF 72.38300 SH-LRU 54.95400 AL-LRU 47.35400 ML-GDSF-RNG 72.87400 ML-GDSF-DET 73.01700 SH-GDSF 71.95400
W 900000 AL-GDSF 67.52300 SH-LRU 51.40900 AL-LRU 46.73200 ML-GDSF-RNG 68.02700 ML-GDSF-DET 68.32000 SH-GDSF 67.29600
W 1000000 AL-GDSF 71.26100 SH-LRU 53.77900 AL-LRU 48.59400 ML-GDSF-RNG 71.76000 ML-GDSF-DET 71.91800 SH-GDSF 71.08600
W 1100000 AL-GDSF 72.38400 SH-LRU 54.20500 AL-LRU 49.64100 ML-GDSF-RNG 72.76700 ML-GDSF-DET 73.09200 SH-GDSF 71.96700
W 1200000 AL-GDSF 67.73600 SH-LRU 50.52400 AL-LRU 45.22700 ML-GDSF-RNG 68.29500 ML-GDSF-DET 68.57800 SH-GDSF 67.16700
W 1300000 AL-GDSF 67.93600 SH-LRU 51.72300 AL-LRU 46.06400 ML-GDSF-RNG 68.62700 ML-GDSF-DET 68.95900 SH-GDSF 67.67300
B 1320000 AL-GDSF 74.02500 SH-LRU 55.13500 AL-LRU 49.49500 ML-GDSF-RNG 74.48000 ML-GDSF-DET 74.82500 SH-GDSF 73.09000
ACCURACY 20000 0 70.02602564434655 0
A0 1320000 AL-GDSF 74.02500 SH-LRU 55.13500 AL-LRU 49.49500 ML-GDSF-RNG 74.51500 ML-GDSF-DET 74.82500 SH-GDSF 73.09000
ACCURACY 20000 1 70.06986653108432 0
A1 1320000 AL-GDSF 74.02500 SH-LRU 55.13500 AL-LRU 49.49500 ML-GDSF-RNG 74.48000 ML-GDSF-DET 74.82000 SH-GDSF 73.09000
ACCURACY 20000 2 70.16126044203831 0
A2 1320000 AL-GDSF 74.02500 SH-LRU 55.13500 AL-LRU 49.49500 ML-GDSF-RNG 74.45000 ML-GDSF-DET 74.82500 SH-GDSF 73.09000
B 1340000 AL-GDSF 75.25000 SH-LRU 54.49000 AL-LRU 49.45000 ML-GDSF-RNG 76.00500 ML-GDSF-DET 76.32000 SH-GDSF 75.49500
ACCURACY 20000 0 71.3647327843148 0
A0 1340000 AL-GDSF 75.25000 SH-LRU 54.49000 AL-LRU 49.45000 ML-GDSF-RNG 76.06500 ML-GDSF-DET 76.31500 SH-GDSF 75.49500
ACCURACY 20000 1 71.39421065924321 0
A1 1340000 AL-GDSF 75.25000 SH-LRU 54.49000 AL-LRU 49.45000 ML-GDSF-RNG 76.10500 ML-GDSF-DET 76.34000 SH-GDSF 75.49500
ACCURACY 20000 2 71.3736289259802 0
A2 1340000 AL-GDSF 75.25000 SH-LRU 54.49000 AL-LRU 49.45000 ML-GDSF-RNG 76.07500 ML-GDSF-DET 76.34500 SH-GDSF 75.49500
B 1360000 AL-GDSF 75.57500 SH-LRU 54.99500 AL-LRU 48.63000 ML-GDSF-RNG 76.19000 ML-GDSF-DET 76.43500 SH-GDSF 75.59500
ACCURACY 20000 0 70.83733215794568 0
A0 1360000 AL-GDSF 75.57500 SH-LRU 54.99500 AL-LRU 48.63000 ML-GDSF-RNG 76.21000 ML-GDSF-DET 76.47000 SH-GDSF 75.59500
ACCURACY 20000 1 70.86644230658092 0
A1 1360000 AL-GDSF 75.57500 SH-LRU 54.99500 AL-LRU 48.63000 ML-GDSF-RNG 76.17500 ML-GDSF-DET 76.44500 SH-GDSF 75.59500
ACCURACY 20000 2 70.85458930035519 0
A2 1360000 AL-GDSF 75.57500 SH-LRU 54.99500 AL-LRU 48.63000 ML-GDSF-RNG 76.15500 ML-GDSF-DET 76.47000 SH-GDSF 75.59500
B 1380000 AL-GDSF 72.36500 SH-LRU 55.10500 AL-LRU 50.16500 ML-GDSF-RNG 72.97000 ML-GDSF-DET 73.31000 SH-GDSF 72.02000
ACCURACY 20000 0 72.14543436128469 0
A0 1380000 AL-GDSF 72.36500 SH-LRU 55.10500 AL-LRU 50.16500 ML-GDSF-RNG 72.89500 ML-GDSF-DET 73.33000 SH-GDSF 72.02000
ACCURACY 20000 1 72.21881255339864 0
A1 1380000 AL-GDSF 72.36500 SH-LRU 55.10500 AL-LRU 50.16500 ML-GDSF-RNG 72.95500 ML-GDSF-DET 73.32500 SH-GDSF 72.02000
ACCURACY 20000 2 72.13844832678967 0
A2 1380000 AL-GDSF 72.36500 SH-LRU 55.10500 AL-LRU 50.16500 ML-GDSF-RNG 72.97500 ML-GDSF-DET 73.34000 SH-GDSF 72.02000
B 1400000 AL-GDSF 72.44000 SH-LRU 56.97000 AL-LRU 48.41500 ML-GDSF-RNG 73.09500 ML-GDSF-DET 73.32000 SH-GDSF 72.00000
ACCURACY 20000 0 72.14929409102638 0
A0 1400000 AL-GDSF 72.44000 SH-LRU 56.97000 AL-LRU 48.41500 ML-GDSF-RNG 73.07000 ML-GDSF-DET 73.36000 SH-GDSF 72.00000
ACCURACY 20000 1 71.98591779561906 0
A1 1400000 AL-GDSF 72.44000 SH-LRU 56.97000 AL-LRU 48.41500 ML-GDSF-RNG 73.05000 ML-GDSF-DET 73.38000 SH-GDSF 72.00000
ACCURACY 20000 2 72.1673574148398 0
A2 1400000 AL-GDSF 72.44000 SH-LRU 56.97000 AL-LRU 48.41500 ML-GDSF-RNG 73.06500 ML-GDSF-DET 73.36500 SH-GDSF 72.00000
RUN 12
W 200000 AL-GDSF 60.49250 SH-LRU 51.35550 AL-LRU 43.62900 ML-GDSF-RNG 60.04450 ML-GDSF-DET 60.38800 SH-GDSF 55.76700
W 300000 AL-GDSF 66.09600 SH-LRU 52.93900 AL-LRU 44.57500 ML-GDSF-RNG 66.31200 ML-GDSF-DET 66.43900 SH-GDSF 63.84100
W 400000 AL-GDSF 66.64200 SH-LRU 51.80500 AL-LRU 43.78400 ML-GDSF-RNG 67.05700 ML-GDSF-DET 67.04200 SH-GDSF 64.68400
W 500000 AL-GDSF 65.77600 SH-LRU 50.52400 AL-LRU 45.21300 ML-GDSF-RNG 66.45100 ML-GDSF-DET 66.41800 SH-GDSF 64.64100
W 600000 AL-GDSF 67.25500 SH-LRU 49.29900 AL-LRU 43.02500 ML-GDSF-RNG 68.26300 ML-GDSF-DET 68.29900 SH-GDSF 65.83500
W 700000 AL-GDSF 69.67900 SH-LRU 51.35600 AL-LRU 44.44000 ML-GDSF-RNG 70.13100 ML-GDSF-DET 70.23100 SH-GDSF 68.86400
W 800000 AL-GDSF 72.38300 SH-LRU 54.95400 AL-LRU 47.35400 ML-GDSF-RNG 72.91600 ML-GDSF-DET 73.13600 SH-GDSF 71.95400
W 900000 AL-GDSF 67.52300 SH-LRU 51.40900 AL-LRU 46.73200 ML-GDSF-RNG 68.12800 ML-GDSF-DET 68.42400 SH-GDSF 67.29600
W 1000000 AL-GDSF 71.26100 SH-LRU 53.77900 AL-LRU 48.59400 ML-GDSF-RNG 71.83400 ML-GDSF-DET 72.10100 SH-GDSF 71.08600
W 1100000 AL-GDSF 72.38400 SH-LRU 54.20500 AL-LRU 49.64100 ML-GDSF-RNG 72.85100 ML-GDSF-DET 73.20100 SH-GDSF 71.96700
W 1200000 AL-GDSF 67.73600 SH-LRU 50.52400 AL-LRU 45.22700 ML-GDSF-RNG 68.34700 ML-GDSF-DET 68.76800 SH-GDSF 67.16700
W 1300000 AL-GDSF 67.93600 SH-LRU 51.72300 AL-LRU 46.06400 ML-GDSF-RNG 68.72800 ML-GDSF-DET 69.21800 SH-GDSF 67.67300
W 1400000 AL-GDSF 73.93100 SH-LRU 55.33900 AL-LRU 49.23100 ML-GDSF-RNG 74.57100 ML-GDSF-DET 75.00600 SH-GDSF 73.64000
B 1420000 AL-GDSF 75.02500 SH-LRU 59.86000 AL-LRU 53.48000 ML-GDSF-RNG 75.40500 ML-GDSF-DET 75.65000 SH-GDSF 74.78500
ACCURACY 20000 0 70.15654177207315 0
A0 1420000 AL-GDSF 75.02500 SH-LRU 59.86000 AL-LRU 53.48000 ML-GDSF-RNG 75.42000 ML-GDSF-DET 75.64000 SH-GDSF 74.78500
ACCURACY 20000 1 70.50590794014894 0
A1 1420000 AL-GDSF 75.02500 SH-LRU 59.86000 AL-LRU 53.48000 ML-GDSF-RNG 75.46500 ML-GDSF-DET 75.65000 SH-GDSF 74.78500
ACCURACY 20000 2 70.60784888370436 0
A2 1420000 AL-GDSF 75.02500 SH-LRU 59.86000 AL-LRU 53.48000 ML-GDSF-RNG 75.38000 ML-GDSF-DET 75.64500 SH-GDSF 74.78500
B 1440000 AL-GDSF 74.58000 SH-LRU 57.82500 AL-LRU 51.48500 ML-GDSF-RNG 75.25000 ML-GDSF-DET 75.65000 SH-GDSF 74.48000
ACCURACY 20000 0 71.25512085203975 0
A0 1440000 AL-GDSF 74.58000 SH-LRU 57.82500 AL-LRU 51.48500 ML-GDSF-RNG 75.32500 ML-GDSF-DET 75.65000 SH-GDSF 74.48000
ACCURACY 20000 1 71.51692027239477 0
A1 1440000 AL-GDSF 74.58000 SH-LRU 57.82500 AL-LRU 51.48500 ML-GDSF-RNG 75.26500 ML-GDSF-DET 75.65500 SH-GDSF 74.48000
ACCURACY 20000 2 71.53712911610984 0
A2 1440000 AL-GDSF 74.58000 SH-LRU 57.82500 AL-LRU 51.48500 ML-GDSF-RNG 75.28000 ML-GDSF-DET 75.64500 SH-GDSF 74.48000
B 1460000 AL-GDSF 78.20500 SH-LRU 61.92500 AL-LRU 50.65500 ML-GDSF-RNG 78.74000 ML-GDSF-DET 79.14000 SH-GDSF 77.80000
ACCURACY 20000 0 70.47891518112483 0
A0 1460000 AL-GDSF 78.20500 SH-LRU 61.92500 AL-LRU 50.65500 ML-GDSF-RNG 78.67500 ML-GDSF-DET 79.16000 SH-GDSF 77.80000
ACCURACY 20000 1 70.44888904888883 0
A1 1460000 AL-GDSF 78.20500 SH-LRU 61.92500 AL-LRU 50.65500 ML-GDSF-RNG 78.73500 ML-GDSF-DET 79.16000 SH-GDSF 77.80000
ACCURACY 20000 2 70.75303322730055 0
A2 1460000 AL-GDSF 78.20500 SH-LRU 61.92500 AL-LRU 50.65500 ML-GDSF-RNG 78.74500 ML-GDSF-DET 79.18000 SH-GDSF 77.80000
B 1480000 AL-GDSF 70.94500 SH-LRU 54.95000 AL-LRU 46.09000 ML-GDSF-RNG 72.08500 ML-GDSF-DET 72.61500 SH-GDSF 70.86500
ACCURACY 20000 0 74.14640273955044 0
A0 1480000 AL-GDSF 70.94500 SH-LRU 54.95000 AL-LRU 46.09000 ML-GDSF-RNG 72.02500 ML-GDSF-DET 72.65000 SH-GDSF 70.86500
ACCURACY 20000 1 74.02019825941626 0
A1 1480000 AL-GDSF 70.94500 SH-LRU 54.95000 AL-LRU 46.09000 ML-GDSF-RNG 72.11500 ML-GDSF-DET 72.64000 SH-GDSF 70.86500
ACCURACY 20000 2 74.21097414021948 0
A2 1480000 AL-GDSF 70.94500 SH-LRU 54.95000 AL-LRU 46.09000 ML-GDSF-RNG 72.06500 ML-GDSF-DET 72.64000 SH-GDSF 70.86500
B 1500000 AL-GDSF 71.28500 SH-LRU 56.26000 AL-LRU 50.24500 ML-GDSF-RNG 72.12500 ML-GDSF-DET 72.64500 SH-GDSF 70.82000
ACCURACY 20000 0 73.06679587015327 0
A0 1500000 AL-GDSF 71.28500 SH-LRU 56.26000 AL-LRU 50.24500 ML-GDSF-RNG 72.11500 ML-GDSF-DET 72.61000 SH-GDSF 70.82000
ACCURACY 20000 1 72.91244006701541 0
A1 1500000 AL-GDSF 71.28500 SH-LRU 56.26000 AL-LRU 50.24500 ML-GDSF-RNG 72.10000 ML-GDSF-DET 72.68500 SH-GDSF 70.82000
ACCURACY 20000 2 72.98626322226636 0
A2 1500000 AL-GDSF 71.28500 SH-LRU 56.26000 AL-LRU 50.24500 ML-GDSF-RNG 72.16000 ML-GDSF-DET 72.66000 SH-GDSF 70.82000
RUN 13
W 200000 AL-GDSF 60.49250 SH-LRU 51.35550 AL-LRU 43.62900 ML-GDSF-RNG 60.11650 ML-GDSF-DET 60.59900 SH-GDSF 55.76700
W 300000 AL-GDSF 66.09600 SH-LRU 52.93900 AL-LRU 44.57500 ML-GDSF-RNG 66.43600 ML-GDSF-DET 66.55800 SH-GDSF 63.84100
W 400000 AL-GDSF 66.64200 SH-LRU 51.80500 AL-LRU 43.78400 ML-GDSF-RNG 67.18900 ML-GDSF-DET 67.21900 SH-GDSF 64.68400
W 500000 AL-GDSF 65.77600 SH-LRU 50.52400 AL-LRU 45.21300 ML-GDSF-RNG 66.62300 ML-GDSF-DET 66.55000 SH-GDSF 64.64100
W 600000 AL-GDSF 67.25500 SH-LRU 49.29900 AL-LRU 43.02500 ML-GDSF-RNG 68.47000 ML-GDSF-DET 68.54200 SH-GDSF 65.83500
W 700000 AL-GDSF 69.67900 SH-LRU 51.35600 AL-LRU 44.44000 ML-GDSF-RNG 70.23900 ML-GDSF-DET 70.17700 SH-GDSF 68.86400
W 800000 AL-GDSF 72.38300 SH-LRU 54.95400 AL-LRU 47.35400 ML-GDSF-RNG 73.03800 ML-GDSF-DET 73.18600 SH-GDSF 71.95400
W 900000 AL-GDSF 67.52300 SH-LRU 51.40900 AL-LRU 46.73200 ML-GDSF-RNG 68.26800 ML-GDSF-DET 68.49800 SH-GDSF 67.29600
W 1000000 AL-GDSF 71.26100 SH-LRU 53.77900 AL-LRU 48.59400 ML-GDSF-RNG 71.98700 ML-GDSF-DET 72.18500 SH-GDSF 71.08600
W 1100000 AL-GDSF 72.38400 SH-LRU 54.20500 AL-LRU 49.64100 ML-GDSF-RNG 73.00300 ML-GDSF-DET 73.38400 SH-GDSF 71.96700
W 1200000 AL-GDSF 67.73600 SH-LRU 50.52400 AL-LRU 45.22700 ML-GDSF-RNG 68.52800 ML-GDSF-DET 68.98800 SH-GDSF 67.16700
W 1300000 AL-GDSF 67.93600 SH-LRU 51.72300 AL-LRU 46.06400 ML-GDSF-RNG 68.99800 ML-GDSF-DET 69.57500 SH-GDSF 67.67300
W 1400000 AL-GDSF 73.93100 SH-LRU 55.33900 AL-LRU 49.23100 ML-GDSF-RNG 74.78700 ML-GDSF-DET 75.17000 SH-GDSF 73.64000
W 1500000 AL-GDSF 74.00800 SH-LRU 58.16400 AL-LRU 50.39100 ML-GDSF-RNG 74.89800 ML-GDSF-DET 75.29200 SH-GDSF 73.75000
B 1520000 AL-GDSF 72.55500 SH-LRU 55.35000 AL-LRU 46.00000 ML-GDSF-RNG 73.08500 ML-GDSF-DET 73.36500 SH-GDSF 72.31500
ACCURACY 20000 0 71.24136007922495 0
A0 1520000 AL-GDSF 72.55500 SH-LRU 55.35000 AL-LRU 46.00000 ML-GDSF-RNG 73.06500 ML-GDSF-DET 73.36000 SH-GDSF 72.31500
ACCURACY 20000 1 71.39487015769463 0
A1 1520000 AL-GDSF 72.55500 SH-LRU 55.35000 AL-LRU 46.00000 ML-GDSF-RNG 73.07500 ML-GDSF-DET 73.37500 SH-GDSF 72.31500
ACCURACY 20000 2 71.53948366228998 0
A2 1520000 AL-GDSF 72.55500 SH-LRU 55.35000 AL-LRU 46.00000 ML-GDSF-RNG 73.08500 ML-GDSF-DET 73.37000 SH-GDSF 72.31500
B 1540000 AL-GDSF 72.49500 SH-LRU 59.38000 AL-LRU 51.57500 ML-GDSF-RNG 73.52000 ML-GDSF-DET 73.93500 SH-GDSF 72.12500
ACCURACY 20000 0 72.31018142480792 0
A0 1540000 AL-GDSF 72.49500 SH-LRU 59.38000 AL-LRU 51.57500 ML-GDSF-RNG 73.50500 ML-GDSF-DET 73.93500 SH-GDSF 72.12500
ACCURACY 20000 1 72.27130103861542 0
A1 1540000 AL-GDSF 72.49500 SH-LRU 59.38000 AL-LRU 51.57500 ML-GDSF-RNG 73.48000 ML-GDSF-DET 73.93500 SH-GDSF 72.12500
ACCURACY 20000 2 72.47077487414664 0
A2 1540000 AL-GDSF 72.49500 SH-LRU 59.38000 AL-LRU 51.57500 ML-GDSF-RNG 73.49000 ML-GDSF-DET 73.94000 SH-GDSF 72.12500
B 1560000 AL-GDSF 73.54500 SH-LRU 53.92500 AL-LRU 47.75000 ML-GDSF-RNG 74.41000 ML-GDSF-DET 74.77500 SH-GDSF 73.29000
ACCURACY 20000 0 73.94634014015054 0
A0 1560000 AL-GDSF 73.54500 SH-LRU 53.92500 AL-LRU 47.75000 ML-GDSF-RNG 74.39500 ML-GDSF-DET 74.77000 SH-GDSF 73.29000
ACCURACY 20000 1 74.09925995993441 0
A1 1560000 AL-GDSF 73.54500 SH-LRU 53.92500 AL-LRU 47.75000 ML-GDSF-RNG 74.47500 ML-GDSF-DET 74.77000 SH-GDSF 73.29000
ACCURACY 20000 2 74.29672413545 0
A2 1560000 AL-GDSF 73.54500 SH-LRU 53.92500 AL-LRU 47.75000 ML-GDSF-RNG 74.44000 ML-GDSF-DET 74.77000 SH-GDSF 73.29000
B 1580000 AL-GDSF 75.90500 SH-LRU 60.11500 AL-LRU 51.12000 ML-GDSF-RNG 76.72500 ML-GDSF-DET 76.96000 SH-GDSF 75.74500
ACCURACY 20000 0 74.05347286667946 0
A0 1580000 AL-GDSF 75.90500 SH-LRU 60.11500 AL-LRU 51.12000 ML-GDSF-RNG 76.69000 ML-GDSF-DET 76.97000 SH-GDSF 75.74500
ACCURACY 20000 1 73.99558451639696 0
A1 1580000 AL-GDSF 75.90500 SH-LRU 60.11500 AL-LRU 51.12000 ML-GDSF-RNG 76.76000 ML-GDSF-DET 76.96500 SH-GDSF 75.74500
ACCURACY 20000 2 73.90751704752996 0
A2 1580000 AL-GDSF 75.90500 SH-LRU 60.11500 AL-LRU 51.12000 ML-GDSF-RNG 76.67000 ML-GDSF-DET 76.96500 SH-GDSF 75.74500
B 1600000 AL-GDSF 77.31500 SH-LRU 62.01500 AL-LRU 53.87500 ML-GDSF-RNG 78.10000 ML-GDSF-DET 78.28500 SH-GDSF 77.23000
ACCURACY 20000 0 73.61886032838176 0
A0 1600000 AL-GDSF 77.31500 SH-LRU 62.01500 AL-LRU 53.87500 ML-GDSF-RNG 78.09000 ML-GDSF-DET 78.28500 SH-GDSF 77.23000
ACCURACY 20000 1 73.9796754323337 0
A1 1600000 AL-GDSF 77.31500 SH-LRU 62.01500 AL-LRU 53.87500 ML-GDSF-RNG 78.06000 ML-GDSF-DET 78.30000 SH-GDSF 77.23000
ACCURACY 20000 2 74.0155160082782 0
A2 1600000 AL-GDSF 77.31500 SH-LRU 62.01500 AL-LRU 53.87500 ML-GDSF-RNG 78.07000 ML-GDSF-DET 78.29500 SH-GDSF 77.23000
RUN 14
W 200000 AL-GDSF 60.49250 SH-LRU 51.35550 AL-LRU 43.62900 ML-GDSF-RNG 60.10250 ML-GDSF-DET 60.64300 SH-GDSF 55.76700
W 300000 AL-GDSF 66.09600 SH-LRU 52.93900 AL-LRU 44.57500 ML-GDSF-RNG 66.46600 ML-GDSF-DET 66.90700 SH-GDSF 63.84100
W 400000 AL-GDSF 66.64200 SH-LRU 51.80500 AL-LRU 43.78400 ML-GDSF-RNG 67.30500 ML-GDSF-DET 67.84800 SH-GDSF 64.68400
W 500000 AL-GDSF 65.77600 SH-LRU 50.52400 AL-LRU 45.21300 ML-GDSF-RNG 66.77400 ML-GDSF-DET 67.18400 SH-GDSF 64.64100
W 600000 AL-GDSF 67.25500 SH-LRU 49.29900 AL-LRU 43.02500 ML-GDSF-RNG 68.64000 ML-GDSF-DET 69.02100 SH-GDSF 65.83500
W 700000 AL-GDSF 69.67900 SH-LRU 51.35600 AL-LRU 44.44000 ML-GDSF-RNG 70.35000 ML-GDSF-DET 70.48800 SH-GDSF 68.86400
W 800000 AL-GDSF 72.38300 SH-LRU 54.95400 AL-LRU 47.35400 ML-GDSF-RNG 73.22700 ML-GDSF-DET 73.51800 SH-GDSF 71.95400
W 900000 AL-GDSF 67.52300 SH-LRU 51.40900 AL-LRU 46.73200 ML-GDSF-RNG 68.39600 ML-GDSF-DET 68.73400 SH-GDSF 67.29600
W 1000000 AL-GDSF 71.26100 SH-LRU 53.77900 AL-LRU 48.59400 ML-GDSF-RNG 72.05500 ML-GDSF-DET 72.32000 SH-GDSF 71.08600
W 1100000 AL-GDSF 72.38400 SH-LRU 54.20500 AL-LRU 49.64100 ML-GDSF-RNG 73.17200 ML-GDSF-DET 73.58600 SH-GDSF 71.96700
W 1200000 AL-GDSF 67.73600 SH-LRU 50.52400 AL-LRU 45.22700 ML-GDSF-RNG 68.73600 ML-GDSF-DET 69.19000 SH-GDSF 67.16700
W 1300000 AL-GDSF 67.93600 SH-LRU 51.72300 AL-LRU 46.06400 ML-GDSF-RNG 69.31000 ML-GDSF-DET 69.90000 SH-GDSF 67.67300
W 1400000 AL-GDSF 73.93100 SH-LRU 55.33900 AL-LRU 49.23100 ML-GDSF-RNG 74.94800 ML-GDSF-DET 75.34500 SH-GDSF 73.64000
W 1500000 AL-GDSF 74.00800 SH-LRU 58.16400 AL-LRU 50.39100 ML-GDSF-RNG 75.12100 ML-GDSF-DET 75.46000 SH-GDSF 73.75000
W 1600000 AL-GDSF 74.36300 SH-LRU 58.15700 AL-LRU 50.06400 ML-GDSF-RNG 75.32500 ML-GDSF-DET 75.70600 SH-GDSF 74.14100
B 1620000 AL-GDSF 76.70000 SH-LRU 61.87000 AL-LRU 52.47000 ML-GDSF-RNG 77.77500 ML-GDSF-DET 78.41000 SH-GDSF 76.10500
ACCURACY 20000 0 75.17976956264629 0
A0 1620000 AL-GDSF 76.70000 SH-LRU 61.87000 AL-LRU 52.47000 ML-GDSF-RNG 77.82500 ML-GDSF-DET 78.41000 SH-GDSF 76.10500
ACCURACY 20000 1 75.81581553193573 0
A1 1620000 AL-GDSF 76.70000 SH-LRU 61.87000 AL-LRU 52.47000 ML-GDSF-RNG 77.80000 ML-GDSF-DET 78.41000 SH-GDSF 76.10500
ACCURACY 20000 2 75.93558339923955 0
A2 1620000 AL-GDSF 76.70000 SH-LRU 61.87000 AL-LRU 52.47000 ML-GDSF-RNG 77.77000 ML-GDSF-DET 78.41000 SH-GDSF 76.10500
B 1640000 AL-GDSF 73.27500 SH-LRU 59.31000 AL-LRU 54.39000 ML-GDSF-RNG 74.02500 ML-GDSF-DET 74.64000 SH-GDSF 72.15500
ACCURACY 20000 0 74.95994701938304 0
A0 1640000 AL-GDSF 73.27500 SH-LRU 59.31000 AL-LRU 54.39000 ML-GDSF-RNG 74.00500 ML-GDSF-DET 74.64000 SH-GDSF 72.15500
ACCURACY 20000 1 74.88345759320195 0
A1 1640000 AL-GDSF 73.27500 SH-LRU 59.31000 AL-LRU 54.39000 ML-GDSF-RNG 74.02000 ML-GDSF-DET 74.63000 SH-GDSF 72.15500
ACCURACY 20000 2 74.79329890473684 0
A2 1640000 AL-GDSF 73.27500 SH-LRU 59.31000 AL-LRU 54.39000 ML-GDSF-RNG 74.07000 ML-GDSF-DET 74.64500 SH-GDSF 72.15500
B 1660000 AL-GDSF 70.56000 SH-LRU 58.18500 AL-LRU 54.13500 ML-GDSF-RNG 71.21000 ML-GDSF-DET 71.51500 SH-GDSF 69.98500
ACCURACY 20000 0 76.38849413414496 0
A0 1660000 AL-GDSF 70.56000 SH-LRU 58.18500 AL-LRU 54.13500 ML-GDSF-RNG 71.21000 ML-GDSF-DET 71.51500 SH-GDSF 69.98500
ACCURACY 20000 1 76.3854212827454 0
A1 1660000 AL-GDSF 70.56000 SH-LRU 58.18500 AL-LRU 54.13500 ML-GDSF-RNG 71.23500 ML-GDSF-DET 71.52000 SH-GDSF 69.98500
ACCURACY 20000 2 76.19094566836993 0
A2 1660000 AL-GDSF 70.56000 SH-LRU 58.18500 AL-LRU 54.13500 ML-GDSF-RNG 71.24500 ML-GDSF-DET 71.51500 SH-GDSF 69.98500
B 1680000 AL-GDSF 76.10000 SH-LRU 60.56500 AL-LRU 56.69500 ML-GDSF-RNG 76.58000 ML-GDSF-DET 77.06500 SH-GDSF 75.36500
ACCURACY 20000 0 74.40532689313396 0
A0 1680000 AL-GDSF 76.10000 SH-LRU 60.56500 AL-LRU 56.69500 ML-GDSF-RNG 76.64000 ML-GDSF-DET 77.06500 SH-GDSF 75.36500
ACCURACY 20000 1 74.35814208027463 0
A1 1680000 AL-GDSF 76.10000 SH-LRU 60.56500 AL-LRU 56.69500 ML-GDSF-RNG 76.54500 ML-GDSF-DET 77.06500 SH-GDSF 75.36500
ACCURACY 20000 2 74.50870805427387 0
A2 1680000 AL-GDSF 76.10000 SH-LRU 60.56500 AL-LRU 56.69500 ML-GDSF-RNG 76.65500 ML-GDSF-DET 77.06500 SH-GDSF 75.36500
B 1700000 AL-GDSF 75.41000 SH-LRU 58.64500 AL-LRU 53.65500 ML-GDSF-RNG 76.86000 ML-GDSF-DET 77.39500 SH-GDSF 75.33000
ACCURACY 20000 0 74.74970427527734 0
A0 1700000 AL-GDSF 75.41000 SH-LRU 58.64500 AL-LRU 53.65500 ML-GDSF-RNG 76.89500 ML-GDSF-DET 77.40000 SH-GDSF 75.33000
ACCURACY 20000 1 74.85456255832406 0
A1 1700000 AL-GDSF 75.41000 SH-LRU 58.64500 AL-LRU 53.65500 ML-GDSF-RNG 76.89000 ML-GDSF-DET 77.39000 SH-GDSF 75.33000
ACCURACY 20000 2 74.8324229039891 0
A2 1700000 AL-GDSF 75.41000 SH-LRU 58.64500 AL-LRU 53.65500 ML-GDSF-RNG 76.82000 ML-GDSF-DET 77.39000 SH-GDSF 75.33000
RUN 15
W 200000 AL-GDSF 60.49250 SH-LRU 51.35550 AL-LRU 43.62900 ML-GDSF-RNG 60.18100 ML-GDSF-DET 60.62350 SH-GDSF 55.76700
W 300000 AL-GDSF 66.09600 SH-LRU 52.93900 AL-LRU 44.57500 ML-GDSF-RNG 66.51500 ML-GDSF-DET 66.87100 SH-GDSF 63.84100
W 400000 AL-GDSF 66.64200 SH-LRU 51.80500 AL-LRU 43.78400 ML-GDSF-RNG 67.34500 ML-GDSF-DET 67.85000 SH-GDSF 64.68400
W 500000 AL-GDSF 65.77600 SH-LRU 50.52400 AL-LRU 45.21300 ML-GDSF-RNG 66.82700 ML-GDSF-DET 67.14800 SH-GDSF 64.64100
W 600000 AL-GDSF 67.25500 SH-LRU 49.29900 AL-LRU 43.02500 ML-GDSF-RNG 68.73700 ML-GDSF-DET 69.07900 SH-GDSF 65.83500
W 700000 AL-GDSF 69.67900 SH-LRU 51.35600 AL-LRU 44.44000 ML-GDSF-RNG 70.39400 ML-GDSF-DET 70.55100 SH-GDSF 68.86400
W 800000 AL-GDSF 72.38300 SH-LRU 54.95400 AL-LRU 47.35400 ML-GDSF-RNG 73.27700 ML-GDSF-DET 73.58900 SH-GDSF 71.95400
W 900000 AL-GDSF 67.52300 SH-LRU 51.40900 AL-LRU 46.73200 ML-GDSF-RNG 68.45400 ML-GDSF-DET 68.76500 SH-GDSF 67.29600
W 1000000 AL-GDSF 71.26100 SH-LRU 53.77900 AL-LRU 48.59400 ML-GDSF-RNG 72.08000 ML-GDSF-DET 72.30300 SH-GDSF 71.08600
W 1100000 AL-GDSF 72.38400 SH-LRU 54.20500 AL-LRU 49.64100 ML-GDSF-RNG 73.18000 ML-GDSF-DET 73.59600 SH-GDSF 71.96700
W 1200000 AL-GDSF 67.73600 SH-LRU 50.52400 AL-LRU 45.22700 ML-GDSF-RNG 68.77600 ML-GDSF-DET 69.20800 SH-GDSF 67.16700
W 1300000 AL-GDSF 67.93600 SH-LRU 51.72300 AL-LRU 46.06400 ML-GDSF-RNG 69.33100 ML-GDSF-DET 69.91600 SH-GDSF 67.67300
W 1400000 AL-GDSF 73.93100 SH-LRU 55.33900 AL-LRU 49.23100 ML-GDSF-RNG 75.02500 ML-GDSF-DET 75.37900 SH-GDSF 73.64000
W 1500000 AL-GDSF 74.00800 SH-LRU 58.16400 AL-LRU 50.39100 ML-GDSF-RNG 75.13000 ML-GDSF-DET 75.47100 SH-GDSF 73.75000
W 1600000 AL-GDSF 74.36300 SH-LRU 58.15700 AL-LRU 50.06400 ML-GDSF-RNG 75.31100 ML-GDSF-DET 75.67200 SH-GDSF 74.14100
W 1700000 AL-GDSF 74.40900 SH-LRU 59.71500 AL-LRU 54.26900 ML-GDSF-RNG 75.36000 ML-GDSF-DET 75.80300 SH-GDSF 73.78800
B 1720000 AL-GDSF 76.69500 SH-LRU 55.77000 AL-LRU 49.73000 ML-GDSF-RNG 78.34500 ML-GDSF-DET 78.74000 SH-GDSF 76.82500
ACCURACY 20000 0 76.48699884175517 0
A0 1720000 AL-GDSF 76.69500 SH-LRU 55.77000 AL-LRU 49.73000 ML-GDSF-RNG 78.38000 ML-GDSF-DET 78.74000 SH-GDSF 76.82500
ACCURACY 20000 1 76.40750361486107 0
A1 1720000 AL-GDSF 76.69500 SH-LRU 55.77000 AL-LRU 49.73000 ML-GDSF-RNG 78.35500 ML-GDSF-DET 78.74000 SH-GDSF 76.82500
ACCURACY 20000 2 76.31900106574336 0
A2 1720000 AL-GDSF 76.69500 SH-LRU 55.77000 AL-LRU 49.73000 ML-GDSF-RNG 78.31000 ML-GDSF-DET 78.73500 SH-GDSF 76.82500
B 1740000 AL-GDSF 74.82000 SH-LRU 56.30500 AL-LRU 49.86000 ML-GDSF-RNG 76.13500 ML-GDSF-DET 76.65000 SH-GDSF 74.81000
ACCURACY 20000 0 76.50159755935846 0
A0 1740000 AL-GDSF 74.82000 SH-LRU 56.30500 AL-LRU 49.86000 ML-GDSF-RNG 76.17000 ML-GDSF-DET 76.65500 SH-GDSF 74.81000
ACCURACY 20000 1 77.00156600458743 0
A1 1740000 AL-GDSF 74.82000 SH-LRU 56.30500 AL-LRU 49.86000 ML-GDSF-RNG 76.09500 ML-GDSF-DET 76.66500 SH-GDSF 74.81000
ACCURACY 20000 2 77.17461464064192 0
A2 1740000 AL-GDSF 74.82000 SH-LRU 56.30500 AL-LRU 49.86000 ML-GDSF-RNG 76.12500 ML-GDSF-DET 76.64000 SH-GDSF 74.81000
B 1760000 AL-GDSF 74.55000 SH-LRU 57.13500 AL-LRU 52.75500 ML-GDSF-RNG 75.35000 ML-GDSF-DET 75.61500 SH-GDSF 74.14500
ACCURACY 20000 0 76.62095566111569 0
A0 1760000 AL-GDSF 74.55000 SH-LRU 57.13500 AL-LRU 52.75500 ML-GDSF-RNG 75.39500 ML-GDSF-DET 75.62000 SH-GDSF 74.14500
ACCURACY 20000 1 76.73321357174365 0
A1 1760000 AL-GDSF 74.55000 SH-LRU 57.13500 AL-LRU 52.75500 ML-GDSF-RNG 75.36000 ML-GDSF-DET 75.63000 SH-GDSF 74.14500
ACCURACY 20000 2 76.76515654917202 0
A2 1760000 AL-GDSF 74.55000 SH-LRU 57.13500 AL-LRU 52.75500 ML-GDSF-RNG 75.37500 ML-GDSF-DET 75.62500 SH-GDSF 74.14500
B 1780000 AL-GDSF 77.10500 SH-LRU 60.30500 AL-LRU 53.63500 ML-GDSF-RNG 78.29500 ML-GDSF-DET 78.68500 SH-GDSF 76.82000
ACCURACY 20000 0 77.18904283023363 0
A0 1780000 AL-GDSF 77.10500 SH-LRU 60.30500 AL-LRU 53.63500 ML-GDSF-RNG 78.25000 ML-GDSF-DET 78.69000 SH-GDSF 76.82000
ACCURACY 20000 1 77.42994807148695 0
A1 1780000 AL-GDSF 77.10500 SH-LRU 60.30500 AL-LRU 53.63500 ML-GDSF-RNG 78.27500 ML-GDSF-DET 78.70000 SH-GDSF 76.82000
ACCURACY 20000 2 77.34616548364657 0
A2 1780000 AL-GDSF 77.10500 SH-LRU 60.30500 AL-LRU 53.63500 ML-GDSF-RNG 78.29500 ML-GDSF-DET 78.70500 SH-GDSF 76.82000
B 1800000 AL-GDSF 76.90000 SH-LRU 58.69000 AL-LRU 50.96000 ML-GDSF-RNG 78.64000 ML-GDSF-DET 79.15500 SH-GDSF 76.71000
ACCURACY 20000 0 77.9476836195828 0
A0 1800000 AL-GDSF 76.90000 SH-LRU 58.69000 AL-LRU 50.96000 ML-GDSF-RNG 78.64500 ML-GDSF-DET 79.18000 SH-GDSF 76.71000
ACCURACY 20000 1 78.00274389895952 0
A1 1800000 AL-GDSF 76.90000 SH-LRU 58.69000 AL-LRU 50.96000 ML-GDSF-RNG 78.62000 ML-GDSF-DET 79.19000 SH-GDSF 76.71000
ACCURACY 20000 2 78.1913576728681 0
A2 1800000 AL-GDSF 76.90000 SH-LRU 58.69000 AL-LRU 50.96000 ML-GDSF-RNG 78.63000 ML-GDSF-DET 79.21500 SH-GDSF 76.71000
RUN 16
W 200000 AL-GDSF 60.49250 SH-LRU 51.35550 AL-LRU 43.62900 ML-GDSF-RNG 60.23300 ML-GDSF-DET 60.65700 SH-GDSF 55.76700
W 300000 AL-GDSF 66.09600 SH-LRU 52.93900 AL-LRU 44.57500 ML-GDSF-RNG 66.61900 ML-GDSF-DET 66.94800 SH-GDSF 63.84100
W 400000 AL-GDSF 66.64200 SH-LRU 51.80500 AL-LRU 43.78400 ML-GDSF-RNG 67.47400 ML-GDSF-DET 67.95300 SH-GDSF 64.68400
W 500000 AL-GDSF 65.77600 SH-LRU 50.52400 AL-LRU 45.21300 ML-GDSF-RNG 66.93300 ML-GDSF-DET 67.32500 SH-GDSF 64.64100
W 600000 AL-GDSF 67.25500 SH-LRU 49.29900 AL-LRU 43.02500 ML-GDSF-RNG 68.83300 ML-GDSF-DET 69.31500 SH-GDSF 65.83500
W 700000 AL-GDSF 69.67900 SH-LRU 51.35600 AL-LRU 44.44000 ML-GDSF-RNG 70.45800 ML-GDSF-DET 70.74600 SH-GDSF 68.86400
W 800000 AL-GDSF 72.38300 SH-LRU 54.95400 AL-LRU 47.35400 ML-GDSF-RNG 73.33400 ML-GDSF-DET 73.89900 SH-GDSF 71.95400
W 900000 AL-GDSF 67.52300 SH-LRU 51.40900 AL-LRU 46.73200 ML-GDSF-RNG 68.51600 ML-GDSF-DET 69.01800 SH-GDSF 67.29600
W 1000000 AL-GDSF 71.26100 SH-LRU 53.77900 AL-LRU 48.59400 ML-GDSF-RNG 72.13100 ML-GDSF-DET 72.49400 SH-GDSF 71.08600
W 1100000 AL-GDSF 72.38400 SH-LRU 54.20500 AL-LRU 49.64100 ML-GDSF-RNG 73.28300 ML-GDSF-DET 73.74900 SH-GDSF 71.96700
W 1200000 AL-GDSF 67.73600 SH-LRU 50.52400 AL-LRU 45.22700 ML-GDSF-RNG 68.87600 ML-GDSF-DET 69.39200 SH-GDSF 67.16700
W 1300000 AL-GDSF 67.93600 SH-LRU 51.72300 AL-LRU 46.06400 ML-GDSF-RNG 69.55900 ML-GDSF-DET 70.13200 SH-GDSF 67.67300
W 1400000 AL-GDSF 73.93100 SH-LRU 55.33900 AL-LRU 49.23100 ML-GDSF-RNG 75.10700 ML-GDSF-DET 75.49700 SH-GDSF 73.64000
W 1500000 AL-GDSF 74.00800 SH-LRU 58.16400 AL-LRU 50.39100 ML-GDSF-RNG 75.20400 ML-GDSF-DET 75.58600 SH-GDSF 73.75000
W 1600000 AL-GDSF 74.36300 SH-LRU 58.15700 AL-LRU 50.06400 ML-GDSF-RNG 75.43000 ML-GDSF-DET 75.86400 SH-GDSF 74.14100
W 1700000 AL-GDSF 74.40900 SH-LRU 59.71500 AL-LRU 54.26900 ML-GDSF-RNG 75.46900 ML-GDSF-DET 75.93600 SH-GDSF 73.78800
W 1800000 AL-GDSF 76.01400 SH-LRU 57.64100 AL-LRU 51.38800 ML-GDSF-RNG 77.50800 ML-GDSF-DET 77.96000 SH-GDSF 75.86200
B 1820000 AL-GDSF 76.82500 SH-LRU 57.57500 AL-LRU 49.32500 ML-GDSF-RNG 78.45000 ML-GDSF-DET 78.88000 SH-GDSF 76.58500
ACCURACY 20000 0 78.31598493685983 0
A0 1820000 AL-GDSF 76.82500 SH-LRU 57.57500 AL-LRU 49.32500 ML-GDSF-RNG 78.46500 ML-GDSF-DET 78.88000 SH-GDSF 76.58500
ACCURACY 20000 1 78.33058606153973 0
A1 1820000 AL-GDSF 76.82500 SH-LRU 57.57500 AL-LRU 49.32500 ML-GDSF-RNG 78.47500 ML-GDSF-DET 78.88000 SH-GDSF 76.58500
ACCURACY 20000 2 78.32035433050609 0
A2 1820000 AL-GDSF 76.82500 SH-LRU 57.57500 AL-LRU 49.32500 ML-GDSF-RNG 78.46000 ML-GDSF-DET 78.88000 SH-GDSF 76.58500
B 1840000 AL-GDSF 75.75000 SH-LRU 61.35000 AL-LRU 51.63500 ML-GDSF-RNG 77.16000 ML-GDSF-DET 77.67000 SH-GDSF 75.63500
ACCURACY 20000 0 77.42624675967994 0
A0 1840000 AL-GDSF 75.75000 SH-LRU 61.35000 AL-LRU 51.63500 ML-GDSF-RNG 77.19500 ML-GDSF-DET 77.67000 SH-GDSF 75.63500
ACCURACY 20000 1 77.42020451059433 0
A1 1840000 AL-GDSF 75.75000 SH-LRU 61.35000 AL-LRU 51.63500 ML-GDSF-RNG 77.21500 ML-GDSF-DET 77.67500 SH-GDSF 75.63500
ACCURACY 20000 2 77.6779442776713 0
A2 1840000 AL-GDSF 75.75000 SH-LRU 61.35000 AL-LRU 51.63500 ML-GDSF-RNG 77.23000 ML-GDSF-DET 77.67500 SH-GDSF 75.63500
B 1860000 AL-GDSF 75.65500 SH-LRU 58.01000 AL-LRU 49.56500 ML-GDSF-RNG 77.13000 ML-GDSF-DET 77.65500 SH-GDSF 75.42500
ACCURACY 20000 0 77.51741237914767 0
A0 1860000 AL-GDSF 75.65500 SH-LRU 58.01000 AL-LRU 49.56500 ML-GDSF-RNG 77.12500 ML-GDSF-DET 77.66500 SH-GDSF 75.42500
ACCURACY 20000 1 77.89272546127435 0
A1 1860000 AL-GDSF 75.65500 SH-LRU 58.01000 AL-LRU 49.56500 ML-GDSF-RNG 77.13000 ML-GDSF-DET 77.67500 SH-GDSF 75.42500
ACCURACY 20000 2 78.00437690447892 0
A2 1860000 AL-GDSF 75.65500 SH-LRU 58.01000 AL-LRU 49.56500 ML-GDSF-RNG 77.10500 ML-GDSF-DET 77.66000 SH-GDSF 75.42500
B 1880000 AL-GDSF 73.88500 SH-LRU 56.48000 AL-LRU 49.10000 ML-GDSF-RNG 76.20500 ML-GDSF-DET 77.31000 SH-GDSF 74.04500
ACCURACY 20000 0 79.94169538707393 0
A0 1880000 AL-GDSF 73.88500 SH-LRU 56.48000 AL-LRU 49.10000 ML-GDSF-RNG 76.18500 ML-GDSF-DET 77.30000 SH-GDSF 74.04500
ACCURACY 20000 1 80.34196416308636 0
A1 1880000 AL-GDSF 73.88500 SH-LRU 56.48000 AL-LRU 49.10000 ML-GDSF-RNG 76.17000 ML-GDSF-DET 77.25000 SH-GDSF 74.04500
ACCURACY 20000 2 80.3577643771826 0
A2 1880000 AL-GDSF 73.88500 SH-LRU 56.48000 AL-LRU 49.10000 ML-GDSF-RNG 76.19000 ML-GDSF-DET 77.30500 SH-GDSF 74.04500
B 1900000 AL-GDSF 73.46500 SH-LRU 59.04500 AL-LRU 49.89000 ML-GDSF-RNG 75.50000 ML-GDSF-DET 76.13000 SH-GDSF 72.95500
ACCURACY 20000 0 79.1792670658378 0
A0 1900000 AL-GDSF 73.46500 SH-LRU 59.04500 AL-LRU 49.89000 ML-GDSF-RNG 75.52500 ML-GDSF-DET 76.13500 SH-GDSF 72.95500
ACCURACY 20000 1 79.40907032893662 0
A1 1900000 AL-GDSF 73.46500 SH-LRU 59.04500 AL-LRU 49.89000 ML-GDSF-RNG 75.48500 ML-GDSF-DET 76.14500 SH-GDSF 72.95500
ACCURACY 20000 2 79.48356424215473 0
A2 1900000 AL-GDSF 73.46500 SH-LRU 59.04500 AL-LRU 49.89000 ML-GDSF-RNG 75.50000 ML-GDSF-DET 76.15000 SH-GDSF 72.95500
RUN 17
W 200000 AL-GDSF 60.49250 SH-LRU 51.35550 AL-LRU 43.62900 ML-GDSF-RNG 60.24100 ML-GDSF-DET 60.69000 SH-GDSF 55.76700
W 300000 AL-GDSF 66.09600 SH-LRU 52.93900 AL-LRU 44.57500 ML-GDSF-RNG 66.64800 ML-GDSF-DET 67.16200 SH-GDSF 63.84100
W 400000 AL-GDSF 66.64200 SH-LRU 51.80500 AL-LRU 43.78400 ML-GDSF-RNG 67.61100 ML-GDSF-DET 68.04600 SH-GDSF 64.68400
W 500000 AL-GDSF 65.77600 SH-LRU 50.52400 AL-LRU 45.21300 ML-GDSF-RNG 67.07600 ML-GDSF-DET 67.39400 SH-GDSF 64.64100
W 600000 AL-GDSF 67.25500 SH-LRU 49.29900 AL-LRU 43.02500 ML-GDSF-RNG 69.00900 ML-GDSF-DET 69.41300 SH-GDSF 65.83500
W 700000 AL-GDSF 69.67900 SH-LRU 51.35600 AL-LRU 44.44000 ML-GDSF-RNG 70.55300 ML-GDSF-DET 70.73800 SH-GDSF 68.86400
W 800000 AL-GDSF 72.38300 SH-LRU 54.95400 AL-LRU 47.35400 ML-GDSF-RNG 73.56200 ML-GDSF-DET 74.02900 SH-GDSF 71.95400
W 900000 AL-GDSF 67.52300 SH-LRU 51.40900 AL-LRU 46.73200 ML-GDSF-RNG 68.64900 ML-GDSF-DET 69.10300 SH-GDSF 67.29600
W 1000000 AL-GDSF 71.26100 SH-LRU 53.77900 AL-LRU 48.59400 ML-GDSF-RNG 72.14900 ML-GDSF-DET 72.55900 SH-GDSF 71.08600
W 1100000 AL-GDSF 72.38400 SH-LRU 54.20500 AL-LRU 49.64100 ML-GDSF-RNG 73.38900 ML-GDSF-DET 73.89600 SH-GDSF 71.96700
W 1200000 AL-GDSF 67.73600 SH-LRU 50.52400 AL-LRU 45.22700 ML-GDSF-RNG 69.01000 ML-GDSF-DET 69.52500 SH-GDSF 67.16700
W 1300000 AL-GDSF 67.93600 SH-LRU 51.72300 AL-LRU 46.06400 ML-GDSF-RNG 69.75600 ML-GDSF-DET 70.39400 SH-GDSF 67.67300
W 1400000 AL-GDSF 73.93100 SH-LRU 55.33900 AL-LRU 49.23100 ML-GDSF-RNG 75.19700 ML-GDSF-DET 75.68200 SH-GDSF 73.64000
W 1500000 AL-GDSF 74.00800 SH-LRU 58.16400 AL-LRU 50.39100 ML-GDSF-RNG 75.32100 ML-GDSF-DET 75.80300 SH-GDSF 73.75000
W 1600000 AL-GDSF 74.36300 SH-LRU 58.15700 AL-LRU 50.06400 ML-GDSF-RNG 75.54800 ML-GDSF-DET 75.97100 SH-GDSF 74.14100
W 1700000 AL-GDSF 74.40900 SH-LRU 59.71500 AL-LRU 54.26900 ML-GDSF-RNG 75.63800 ML-GDSF-DET 76.08500 SH-GDSF 73.78800
W 1800000 AL-GDSF 76.01400 SH-LRU 57.64100 AL-LRU 51.38800 ML-GDSF-RNG 77.67100 ML-GDSF-DET 78.15000 SH-GDSF 75.86200
W 1900000 AL-GDSF 75.11600 SH-LRU 58.49200 AL-LRU 49.90300 ML-GDSF-RNG 77.05400 ML-GDSF-DET 77.63200 SH-GDSF 74.92900
B 1920000 AL-GDSF 74.85500 SH-LRU 59.90500 AL-LRU 53.61500 ML-GDSF-RNG 75.93000 ML-GDSF-DET 76.28500 SH-GDSF 74.52000
ACCURACY 20000 0 79.56994461615238 0
A0 1920000 AL-GDSF 74.85500 SH-LRU 59.90500 AL-LRU 53.61500 ML-GDSF-RNG 75.90500 ML-GDSF-DET 76.29500 SH-GDSF 74.52000
ACCURACY 20000 1 79.79772781040477 0
A1 1920000 AL-GDSF 74.85500 SH-LRU 59.90500 AL-LRU 53.61500 ML-GDSF-RNG 75.95000 ML-GDSF-DET 76.28500 SH-GDSF 74.52000
ACCURACY 20000 2 79.88543713474152 0
A2 1920000 AL-GDSF 74.85500 SH-LRU 59.90500 AL-LRU 53.61500 ML-GDSF-RNG 75.94000 ML-GDSF-DET 76.28500 SH-GDSF 74.52000
B 1940000 AL-GDSF 77.00500 SH-LRU 59.19500 AL-LRU 53.50500 ML-GDSF-RNG 78.21500 ML-GDSF-DET 78.57000 SH-GDSF 76.51000
ACCURACY 20000 0 77.88287009046581 0
A0 1940000 AL-GDSF 77.00500 SH-LRU 59.19500 AL-LRU 53.50500 ML-GDSF-RNG 78.21500 ML-GDSF-DET 78.57000 SH-GDSF 76.51000
ACCURACY 20000 1 78.29123450046922 0
A1 1940000 AL-GDSF 77.00500 SH-LRU 59.19500 AL-LRU 53.50500 ML-GDSF-RNG 78.21000 ML-GDSF-DET 78.57000 SH-GDSF 76.51000
ACCURACY 20000 2 78.2495027988207 0
A2 1940000 AL-GDSF 77.00500 SH-LRU 59.19500 AL-LRU 53.50500 ML-GDSF-RNG 78.17000 ML-GDSF-DET 78.57000 SH-GDSF 76.51000
B 1960000 AL-GDSF 76.59500 SH-LRU 59.30500 AL-LRU 53.09500 ML-GDSF-RNG 77.87500 ML-GDSF-DET 78.32000 SH-GDSF 76.01000
ACCURACY 20000 0 78.57353239073277 0
A0 1960000 AL-GDSF 76.59500 SH-LRU 59.30500 AL-LRU 53.09500 ML-GDSF-RNG 77.87000 ML-GDSF-DET 78.32500 SH-GDSF 76.01000
ACCURACY 20000 1 78.73115728827894 0
A1 1960000 AL-GDSF 76.59500 SH-LRU 59.30500 AL-LRU 53.09500 ML-GDSF-RNG 77.88000 ML-GDSF-DET 78.32000 SH-GDSF 76.01000
ACCURACY 20000 2 78.66929811804262 0
A2 1960000 AL-GDSF 76.59500 SH-LRU 59.30500 AL-LRU 53.09500 ML-GDSF-RNG 77.89000 ML-GDSF-DET 78.32000 SH-GDSF 76.01000
B 1980000 AL-GDSF 73.78000 SH-LRU 55.63500 AL-LRU 50.70000 ML-GDSF-RNG 76.19500 ML-GDSF-DET 76.51500 SH-GDSF 74.09000
ACCURACY 20000 0 78.87264635896314 0
A0 1980000 AL-GDSF 73.78000 SH-LRU 55.63500 AL-LRU 50.70000 ML-GDSF-RNG 76.18000 ML-GDSF-DET 76.54500 SH-GDSF 74.09000
ACCURACY 20000 1 79.04864515676077 0
A1 1980000 AL-GDSF 73.78000 SH-LRU 55.63500 AL-LRU 50.70000 ML-GDSF-RNG 76.19000 ML-GDSF-DET 76.54500 SH-GDSF 74.09000
ACCURACY 20000 2 78.95560844468616 0
A2 1980000 AL-GDSF 73.78000 SH-LRU 55.63500 AL-LRU 50.70000 ML-GDSF-RNG 76.20500 ML-GDSF-DET 76.56000 SH-GDSF 74.09000
B 2000000 AL-GDSF 74.88000 SH-LRU 59.40000 AL-LRU 55.08000 ML-GDSF-RNG 76.56500 ML-GDSF-DET 77.18500 SH-GDSF 74.63000
ACCURACY 20000 0 78.19340338860786 0
A0 2000000 AL-GDSF 74.88000 SH-LRU 59.40000 AL-LRU 55.08000 ML-GDSF-RNG 76.59500 ML-GDSF-DET 77.19000 SH-GDSF 74.63000
ACCURACY 20000 1 78.3158711020514 0
A1 2000000 AL-GDSF 74.88000 SH-LRU 59.40000 AL-LRU 55.08000 ML-GDSF-RNG 76.51000 ML-GDSF-DET 77.19500 SH-GDSF 74.63000
ACCURACY 20000 2 78.35994131278912 0
A2 2000000 AL-GDSF 74.88000 SH-LRU 59.40000 AL-LRU 55.08000 ML-GDSF-RNG 76.54500 ML-GDSF-DET 77.19500 SH-GDSF 74.63000
RUN 18
W 200000 AL-GDSF 60.49250 SH-LRU 51.35550 AL-LRU 43.62900 ML-GDSF-RNG 60.23650 ML-GDSF-DET 60.78000 SH-GDSF 55.76700
W 300000 AL-GDSF 66.09600 SH-LRU 52.93900 AL-LRU 44.57500 ML-GDSF-RNG 66.81000 ML-GDSF-DET 67.29400 SH-GDSF 63.84100
W 400000 AL-GDSF 66.64200 SH-LRU 51.80500 AL-LRU 43.78400 ML-GDSF-RNG 67.66000 ML-GDSF-DET 68.30300 SH-GDSF 64.68400
W 500000 AL-GDSF 65.77600 SH-LRU 50.52400 AL-LRU 45.21300 ML-GDSF-RNG 67.17400 ML-GDSF-DET 67.66800 SH-GDSF 64.64100
W 600000 AL-GDSF 67.25500 SH-LRU 49.29900 AL-LRU 43.02500 ML-GDSF-RNG 69.12500 ML-GDSF-DET 69.54600 SH-GDSF 65.83500
W 700000 AL-GDSF 69.67900 SH-LRU 51.35600 AL-LRU 44.44000 ML-GDSF-RNG 70.66300 ML-GDSF-DET 70.86900 SH-GDSF 68.86400
W 800000 AL-GDSF 72.38300 SH-LRU 54.95400 AL-LRU 47.35400 ML-GDSF-RNG 73.66300 ML-GDSF-DET 74.13400 SH-GDSF 71.95400
W 900000 AL-GDSF 67.52300 SH-LRU 51.40900 AL-LRU 46.73200 ML-GDSF-RNG 68.80000 ML-GDSF-DET 69.25800 SH-GDSF 67.29600
W 1000000 AL-GDSF 71.26100 SH-LRU 53.77900 AL-LRU 48.59400 ML-GDSF-RNG 72.25100 ML-GDSF-DET 72.63800 SH-GDSF 71.08600
W 1100000 AL-GDSF 72.38400 SH-LRU 54.20500 AL-LRU 49.64100 ML-GDSF-RNG 73.45500 ML-GDSF-DET 74.00800 SH-GDSF 71.96700
W 1200000 AL-GDSF 67.73600 SH-LRU 50.52400 AL-LRU 45.22700 ML-GDSF-RNG 69.13500 ML-GDSF-DET 69.58300 SH-GDSF 67.16700
W 1300000 AL-GDSF 67.93600 SH-LRU 51.72300 AL-LRU 46.06400 ML-GDSF-RNG 69.89500 ML-GDSF-DET 70.58600 SH-GDSF 67.67300
W 1400000 AL-GDSF 73.93100 SH-LRU 55.33900 AL-LRU 49.23100 ML-GDSF-RNG 75.31300 ML-GDSF-DET 75.75800 SH-GDSF 73.64000
W 1500000 AL-GDSF 74.00800 SH-LRU 58.16400 AL-LRU 50.39100 ML-GDSF-RNG 75.36300 ML-GDSF-DET 75.83800 SH-GDSF 73.75000
W 1600000 AL-GDSF 74.36300 SH-LRU 58.15700 AL-LRU 50.06400 ML-GDSF-RNG 75.66400 ML-GDSF-DET 76.03900 SH-GDSF 74.14100
W 1700000 AL-GDSF 74.40900 SH-LRU 59.71500 AL-LRU 54.26900 ML-GDSF-RNG 75.70400 ML-GDSF-DET 76.17200 SH-GDSF 73.78800
W 1800000 AL-GDSF 76.01400 SH-LRU 57.64100 AL-LRU 51.38800 ML-GDSF-RNG 77.78400 ML-GDSF-DET 78.27000 SH-GDSF 75.86200
W 1900000 AL-GDSF 75.11600 SH-LRU 58.49200 AL-LRU 49.90300 ML-GDSF-RNG 77.18500 ML-GDSF-DET 77.79400 SH-GDSF 74.92900
W 2000000 AL-GDSF 75.42300 SH-LRU 58.68800 AL-LRU 53.19900 ML-GDSF-RNG 77.05500 ML-GDSF-DET 77.46400 SH-GDSF 75.15200
B 2020000 AL-GDSF 74.45000 SH-LRU 58.23500 AL-LRU 47.65500 ML-GDSF-RNG 75.47000 ML-GDSF-DET 75.81000 SH-GDSF 73.31000
ACCURACY 20000 0 79.59536071789508 0
A0 2020000 AL-GDSF 74.45000 SH-LRU 58.23500 AL-LRU 47.65500 ML-GDSF-RNG 75.46000 ML-GDSF-DET 75.81000 SH-GDSF 73.31000
ACCURACY 20000 1 79.68094038987714 0
A1 2020000 AL-GDSF 74.45000 SH-LRU 58.23500 AL-LRU 47.65500 ML-GDSF-RNG 75.47500 ML-GDSF-DET 75.81000 SH-GDSF 73.31000
ACCURACY 20000 2 80.0065725359467 0
A2 2020000 AL-GDSF 74.45000 SH-LRU 58.23500 AL-LRU 47.65500 ML-GDSF-RNG 75.40000 ML-GDSF-DET 75.82500 SH-GDSF 73.31000
B 2040000 AL-GDSF 73.46000 SH-LRU 59.35000 AL-LRU 47.13500 ML-GDSF-RNG 74.30500 ML-GDSF-DET 74.58500 SH-GDSF 72.81500
ACCURACY 20000 0 76.9697796236244 0
A0 2040000 AL-GDSF 73.46000 SH-LRU 59.35000 AL-LRU 47.13500 ML-GDSF-RNG 74.35000 ML-GDSF-DET 74.58500 SH-GDSF 72.81500
ACCURACY 20000 1 77.5919515278863 0
A1 2040000 AL-GDSF 73.46000 SH-LRU 59.35000 AL-LRU 47.13500 ML-GDSF-RNG 74.32500 ML-GDSF-DET 74.58500 SH-GDSF 72.81500
ACCURACY 20000 2 77.66010187756501 0
A2 2040000 AL-GDSF 73.46000 SH-LRU 59.35000 AL-LRU 47.13500 ML-GDSF-RNG 74.30000 ML-GDSF-DET 74.58500 SH-GDSF 72.81500
B 2060000 AL-GDSF 74.42500 SH-LRU 55.20000 AL-LRU 47.95000 ML-GDSF-RNG 75.55500 ML-GDSF-DET 75.83500 SH-GDSF 74.32500
ACCURACY 20000 0 76.45091263623294 0
A0 2060000 AL-GDSF 74.42500 SH-LRU 55.20000 AL-LRU 47.95000 ML-GDSF-RNG 75.58000 ML-GDSF-DET 75.84000 SH-GDSF 74.32500
ACCURACY 20000 1 76.34537794998481 0
A1 2060000 AL-GDSF 74.42500 SH-LRU 55.20000 AL-LRU 47.95000 ML-GDSF-RNG 75.54500 ML-GDSF-DET 75.83500 SH-GDSF 74.32500
ACCURACY 20000 2 76.36198966740977 0
A2 2060000 AL-GDSF 74.42500 SH-LRU 55.20000 AL-LRU 47.95000 ML-GDSF-RNG 75.59000 ML-GDSF-DET 75.83500 SH-GDSF 74.32500
B 2080000 AL-GDSF 74.15500 SH-LRU 55.46000 AL-LRU 48.03000 ML-GDSF-RNG 75.45500 ML-GDSF-DET 76.30000 SH-GDSF 73.44000
ACCURACY 20000 0 77.69296765782005 0
A0 2080000 AL-GDSF 74.15500 SH-LRU 55.46000 AL-LRU 48.03000 ML-GDSF-RNG 75.47000 ML-GDSF-DET 76.29500 SH-GDSF 73.44000
ACCURACY 20000 1 77.60961793987701 0
A1 2080000 AL-GDSF 74.15500 SH-LRU 55.46000 AL-LRU 48.03000 ML-GDSF-RNG 75.46000 ML-GDSF-DET 76.30000 SH-GDSF 73.44000
ACCURACY 20000 2 77.6622698400246 0
A2 2080000 AL-GDSF 74.15500 SH-LRU 55.46000 AL-LRU 48.03000 ML-GDSF-RNG 75.49000 ML-GDSF-DET 76.30000 SH-GDSF 73.44000
B 2100000 AL-GDSF 72.50000 SH-LRU 55.72000 AL-LRU 45.04000 ML-GDSF-RNG 73.36500 ML-GDSF-DET 73.75500 SH-GDSF 71.04000
ACCURACY 20000 0 77.58993419334078 0
A0 2100000 AL-GDSF 72.50000 SH-LRU 55.72000 AL-LRU 45.04000 ML-GDSF-RNG 73.39500 ML-GDSF-DET 73.75000 SH-GDSF 71.04000
ACCURACY 20000 1 77.45045511629299 0
A1 2100000 AL-GDSF 72.50000 SH-LRU 55.72000 AL-LRU 45.04000 ML-GDSF-RNG 73.41500 ML-GDSF-DET 73.77000 SH-GDSF 71.04000
ACCURACY 20000 2 77.65612530367534 0
A2 2100000 AL-GDSF 72.50000 SH-LRU 55.72000 AL-LRU 45.04000 ML-GDSF-RNG 73.37500 ML-GDSF-DET 73.72500 SH-GDSF 71.04000
RUN 19
W 200000 AL-GDSF 60.49250 SH-LRU 51.35550 AL-LRU 43.62900 ML-GDSF-RNG 60.40000 ML-GDSF-DET 60.86450 SH-GDSF 55.76700
W 300000 AL-GDSF 66.09600 SH-LRU 52.93900 AL-LRU 44.57500 ML-GDSF-RNG 66.79600 ML-GDSF-DET 67.23100 SH-GDSF 63.84100
W 400000 AL-GDSF 66.64200 SH-LRU 51.80500 AL-LRU 43.78400 ML-GDSF-RNG 67.65600 ML-GDSF-DET 68.03700 SH-GDSF 64.68400
W 500000 AL-GDSF 65.77600 SH-LRU 50.52400 AL-LRU 45.21300 ML-GDSF-RNG 67.19000 ML-GDSF-DET 67.53200 SH-GDSF 64.64100
W 600000 AL-GDSF 67.25500 SH-LRU 49.29900 AL-LRU 43.02500 ML-GDSF-RNG 69.11600 ML-GDSF-DET 69.41000 SH-GDSF 65.83500
W 700000 AL-GDSF 69.67900 SH-LRU 51.35600 AL-LRU 44.44000 ML-GDSF-RNG 70.68500 ML-GDSF-DET 70.84400 SH-GDSF 68.86400
W 800000 AL-GDSF 72.38300 SH-LRU 54.95400 AL-LRU 47.35400 ML-GDSF-RNG 73.65700 ML-GDSF-DET 74.09900 SH-GDSF 71.95400
W 900000 AL-GDSF 67.52300 SH-LRU 51.40900 AL-LRU 46.73200 ML-GDSF-RNG 68.82100 ML-GDSF-DET 69.22000 SH-GDSF 67.29600
W 1000000 AL-GDSF 71.26100 SH-LRU 53.77900 AL-LRU 48.59400 ML-GDSF-RNG 72.38100 ML-GDSF-DET 72.71200 SH-GDSF 71.08600
W 1100000 AL-GDSF 72.38400 SH-LRU 54.20500 AL-LRU 49.64100 ML-GDSF-RNG 73.49200 ML-GDSF-DET 73.95700 SH-GDSF 71.96700
W 1200000 AL-GDSF 67.73600 SH-LRU 50.52400 AL-LRU 45.22700 ML-GDSF-RNG 69.10300 ML-GDSF-DET 69.54200 SH-GDSF 67.16700
W 1300000 AL-GDSF 67.93600 SH-LRU 51.72300 AL-LRU 46.06400 ML-GDSF-RNG 69.82800 ML-GDSF-DET 70.47400 SH-GDSF 67.67300
W 1400000 AL-GDSF 73.93100 SH-LRU 55.33900 AL-LRU 49.23100 ML-GDSF-RNG 75.30800 ML-GDSF-DET 75.69700 SH-GDSF 73.64000
W 1500000 AL-GDSF 74.00800 SH-LRU 58.16400 AL-LRU 50.39100 ML-GDSF-RNG 75.32500 ML-GDSF-DET 75.78500 SH-GDSF 73.75000
W 1600000 AL-GDSF 74.36300 SH-LRU 58.15700 AL-LRU 50.06400 ML-GDSF-RNG 75.60900 ML-GDSF-DET 76.01100 SH-GDSF 74.14100
W 1700000 AL-GDSF 74.40900 SH-LRU 59.71500 AL-LRU 54.26900 ML-GDSF-RNG 75.68200 ML-GDSF-DET 76.07900 SH-GDSF 73.78800
W 1800000 AL-GDSF 76.01400 SH-LRU 57.64100 AL-LRU 51.38800 ML-GDSF-RNG 77.74600 ML-GDSF-DET 78.18200 SH-GDSF 75.86200
W 1900000 AL-GDSF 75.11600 SH-LRU 58.49200 AL-LRU 49.90300 ML-GDSF-RNG 77.17800 ML-GDSF-DET 77.76100 SH-GDSF 74.92900
W 2000000 AL-GDSF 75.42300 SH-LRU 58.68800 AL-LRU 53.19900 ML-GDSF-RNG 77.08300 ML-GDSF-DET 77.42400 SH-GDSF 75.15200
W 2100000 AL-GDSF 73.79800 SH-LRU 56.79300 AL-LRU 47.16200 ML-GDSF-RNG 74.85000 ML-GDSF-DET 75.19200 SH-GDSF 72.98600
B 2120000 AL-GDSF 74.04000 SH-LRU 56.21000 AL-LRU 46.29500 ML-GDSF-RNG 75.55500 ML-GDSF-DET 75.91000 SH-GDSF 73.94000
ACCURACY 20000 0 79.22636304779364 0
A0 2120000 AL-GDSF 74.04000 SH-LRU 56.21000 AL-LRU 46.29500 ML-GDSF-RNG 75.60500 ML-GDSF-DET 75.91000 SH-GDSF 73.94000
ACCURACY 20000 1 79.10608949002454 0
A1 2120000 AL-GDSF 74.04000 SH-LRU 56.21000 AL-LRU 46.29500 ML-GDSF-RNG 75.55000 ML-GDSF-DET 75.90500 SH-GDSF 73.94000
ACCURACY 20000 2 79.2622297194323 0
A2 2120000 AL-GDSF 74.04000 SH-LRU 56.21000 AL-LRU 46.29500 ML-GDSF-RNG 75.61000 ML-GDSF-DET 75.91000 SH-GDSF 73.94000
B 2140000 AL-GDSF 74.72500 SH-LRU 56.21000 AL-LRU 45.92000 ML-GDSF-RNG 76.26000 ML-GDSF-DET 76.56000 SH-GDSF 74.39000
ACCURACY 20000 0 78.13352259477645 0
A0 2140000 AL-GDSF 74.72500 SH-LRU 56.21000 AL-LRU 45.92000 ML-GDSF-RNG 76.27500 ML-GDSF-DET 76.56000 SH-GDSF 74.39000
ACCURACY 20000 1 78.32463307788831 0
A1 2140000 AL-GDSF 74.72500 SH-LRU 56.21000 AL-LRU 45.92000 ML-GDSF-RNG 76.25500 ML-GDSF-DET 76.56500 SH-GDSF 74.39000
ACCURACY 20000 2 78.44297484785201 0
A2 2140000 AL-GDSF 74.72500 SH-LRU 56.21000 AL-LRU 45.92000 ML-GDSF-RNG 76.29000 ML-GDSF-DET 76.56500 SH-GDSF 74.39000
B 2160000 AL-GDSF 75.40500 SH-LRU 57.32500 AL-LRU 45.91500 ML-GDSF-RNG 77.15000 ML-GDSF-DET 77.52500 SH-GDSF 74.81000
ACCURACY 20000 0 78.88388651468463 0
A0 2160000 AL-GDSF 75.40500 SH-LRU 57.32500 AL-LRU 45.91500 ML-GDSF-RNG 77.10500 ML-GDSF-DET 77.52500 SH-GDSF 74.81000
ACCURACY 20000 1 79.00694159686395 0
A1 2160000 AL-GDSF 75.40500 SH-LRU 57.32500 AL-LRU 45.91500 ML-GDSF-RNG 77.10500 ML-GDSF-DET 77.52500 SH-GDSF 74.81000
ACCURACY 20000 2 79.08762355232639 0
A2 2160000 AL-GDSF 75.40500 SH-LRU 57.32500 AL-LRU 45.91500 ML-GDSF-RNG 77.12000 ML-GDSF-DET 77.52500 SH-GDSF 74.81000
B 2180000 AL-GDSF 76.92500 SH-LRU 55.24000 AL-LRU 49.49500 ML-GDSF-RNG 78.57000 ML-GDSF-DET 79.13500 SH-GDSF 76.97500
ACCURACY 20000 0 81.06727594705801 0
A0 2180000 AL-GDSF 76.92500 SH-LRU 55.24000 AL-LRU 49.49500 ML-GDSF-RNG 78.60500 ML-GDSF-DET 79.13500 SH-GDSF 76.97500
ACCURACY 20000 1 81.15154258916371 0
A1 2180000 AL-GDSF 76.92500 SH-LRU 55.24000 AL-LRU 49.49500 ML-GDSF-RNG 78.61000 ML-GDSF-DET 79.11000 SH-GDSF 76.97500
ACCURACY 20000 2 81.19056159918985 0
A2 2180000 AL-GDSF 76.92500 SH-LRU 55.24000 AL-LRU 49.49500 ML-GDSF-RNG 78.61000 ML-GDSF-DET 79.13500 SH-GDSF 76.97500
B 2200000 AL-GDSF 78.36500 SH-LRU 59.42000 AL-LRU 49.71000 ML-GDSF-RNG 80.31000 ML-GDSF-DET 80.54000 SH-GDSF 78.54000
ACCURACY 20000 0 79.45364354894556 0
A0 2200000 AL-GDSF 78.36500 SH-LRU 59.42000 AL-LRU 49.71000 ML-GDSF-RNG 80.29500 ML-GDSF-DET 80.54000 SH-GDSF 78.54000
ACCURACY 20000 1 79.50243787023786 0
A1 2200000 AL-GDSF 78.36500 SH-LRU 59.42000 AL-LRU 49.71000 ML-GDSF-RNG 80.26500 ML-GDSF-DET 80.56000 SH-GDSF 78.54000
ACCURACY 20000 2 79.70424417251786 0
A2 2200000 AL-GDSF 78.36500 SH-LRU 59.42000 AL-LRU 49.71000 ML-GDSF-RNG 80.31000 ML-GDSF-DET 80.56000 SH-GDSF 78.54000
RUN 20
RUN 0
W 200000 AL-GDSF 61.32950 SH-LRU 54.00600 AL-LRU 47.82150 ML-GDSF-RNG 60.77050 ML-GDSF-DET 60.98500 SH-GDSF 55.96500
W 300000 AL-GDSF 67.57100 SH-LRU 57.73700 AL-LRU 48.29600 ML-GDSF-RNG 67.69000 ML-GDSF-DET 67.91200 SH-GDSF 64.47100
W 400000 AL-GDSF 68.54600 SH-LRU 56.81800 AL-LRU 47.79700 ML-GDSF-RNG 68.98600 ML-GDSF-DET 69.42600 SH-GDSF 65.52700
W 500000 AL-GDSF 68.08000 SH-LRU 54.71800 AL-LRU 48.41900 ML-GDSF-RNG 68.82000 ML-GDSF-DET 69.16600 SH-GDSF 65.65500
W 600000 AL-GDSF 70.01800 SH-LRU 53.43200 AL-LRU 46.60500 ML-GDSF-RNG 71.09000 ML-GDSF-DET 71.62400 SH-GDSF 66.97300
W 700000 AL-GDSF 71.69400 SH-LRU 56.51800 AL-LRU 48.64700 ML-GDSF-RNG 72.14400 ML-GDSF-DET 72.32900 SH-GDSF 70.13000
W 800000 AL-GDSF 74.74200 SH-LRU 59.66600 AL-LRU 52.81600 ML-GDSF-RNG 75.48700 ML-GDSF-DET 75.80000 SH-GDSF 73.21800
W 900000 AL-GDSF 69.98500 SH-LRU 56.02000 AL-LRU 50.16600 ML-GDSF-RNG 71.42300 ML-GDSF-DET 71.88200 SH-GDSF 68.83600
W 1000000 AL-GDSF 73.60700 SH-LRU 58.57400 AL-LRU 53.04000 ML-GDSF-RNG 74.10300 ML-GDSF-DET 74.47200 SH-GDSF 72.74200
W 1100000 AL-GDSF 74.48000 SH-LRU 58.53400 AL-LRU 52.94700 ML-GDSF-RNG 75.33900 ML-GDSF-DET 75.71500 SH-GDSF 73.50100
W 1200000 AL-GDSF 70.10300 SH-LRU 54.69900 AL-LRU 48.95300 ML-GDSF-RNG 71.09800 ML-GDSF-DET 71.52600 SH-GDSF 68.96400
W 1300000 AL-GDSF 70.95900 SH-LRU 55.96000 AL-LRU 50.06400 ML-GDSF-RNG 73.11700 ML-GDSF-DET 73.82900 SH-GDSF 70.78700
W 1400000 AL-GDSF 76.44700 SH-LRU 60.27900 AL-LRU 54.35000 ML-GDSF-RNG 77.77300 ML-GDSF-DET 78.18100 SH-GDSF 75.59400
W 1500000 AL-GDSF 76.52700 SH-LRU 63.15500 AL-LRU 56.36900 ML-GDSF-RNG 77.86200 ML-GDSF-DET 78.29700 SH-GDSF 75.76000
W 1600000 AL-GDSF 76.66400 SH-LRU 62.24300 AL-LRU 56.18300 ML-GDSF-RNG 78.04000 ML-GDSF-DET 78.42100 SH-GDSF 76.18300
W 1700000 AL-GDSF 76.81300 SH-LRU 63.55000 AL-LRU 57.99300 ML-GDSF-RNG 78.02600 ML-GDSF-DET 78.32800 SH-GDSF 75.99500
W 1800000 AL-GDSF 78.86200 SH-LRU 62.53100 AL-LRU 56.38400 ML-GDSF-RNG 80.24500 ML-GDSF-DET 80.63000 SH-GDSF 78.45900
W 1900000 AL-GDSF 78.15900 SH-LRU 63.11500 AL-LRU 56.03200 ML-GDSF-RNG 80.17000 ML-GDSF-DET 80.81100 SH-GDSF 77.76800
W 2000000 AL-GDSF 78.12700 SH-LRU 63.66100 AL-LRU 57.09200 ML-GDSF-RNG 79.21400 ML-GDSF-DET 79.66700 SH-GDSF 77.35000
W 2100000 AL-GDSF 76.02600 SH-LRU 61.60600 AL-LRU 54.99800 ML-GDSF-RNG 77.23400 ML-GDSF-DET 77.63900 SH-GDSF 74.78800
W 2200000 AL-GDSF 78.78500 SH-LRU 62.35400 AL-LRU 53.95100 ML-GDSF-RNG 80.29300 ML-GDSF-DET 80.86500 SH-GDSF 78.18400
B 2220000 AL-GDSF 76.91500 SH-LRU 60.56000 AL-LRU 51.75500 ML-GDSF-RNG 78.36000 ML-GDSF-DET 79.01000 SH-GDSF 75.64500
ACCURACY 20000 0 81.02918035177997 0
A0 2220000 AL-GDSF 76.91500 SH-LRU 60.56000 AL-LRU 51.75500 ML-GDSF-RNG 78.38000 ML-GDSF-DET 79.01000 SH-GDSF 75.64500
ACCURACY 20000 1 81.14217679297879 0
A1 2220000 AL-GDSF 76.91500 SH-LRU 60.56000 AL-LRU 51.75500 ML-GDSF-RNG 78.33500 ML-GDSF-DET 79.01000 SH-GDSF 75.64500
ACCURACY 20000 2 81.22401677640815 0
A2 2220000 AL-GDSF 76.91500 SH-LRU 60.56000 AL-LRU 51.75500 ML-GDSF-RNG 78.38500 ML-GDSF-DET 79.01000 SH-GDSF 75.64500
B 2240000 AL-GDSF 78.69000 SH-LRU 64.21500 AL-LRU 55.74500 ML-GDSF-RNG 79.83500 ML-GDSF-DET 80.19500 SH-GDSF 78.20500
ACCURACY 20000 0 80.2735355971989 0
A0 2240000 AL-GDSF 78.69000 SH-LRU 64.21500 AL-LRU 55.74500 ML-GDSF-RNG 79.84000 ML-GDSF-DET 80.19500 SH-GDSF 78.20500
ACCURACY 20000 1 80.60962619708887 0
A1 2240000 AL-GDSF 78.69000 SH-LRU 64.21500 AL-LRU 55.74500 ML-GDSF-RNG 79.87500 ML-GDSF-DET 80.19000 SH-GDSF 78.20500
ACCURACY 20000 2 80.82416310346609 0
A2 2240000 AL-GDSF 78.69000 SH-LRU 64.21500 AL-LRU 55.74500 ML-GDSF-RNG 79.85500 ML-GDSF-DET 80.19500 SH-GDSF 78.20500
B 2260000 AL-GDSF 78.66500 SH-LRU 65.51000 AL-LRU 56.33500 ML-GDSF-RNG 79.81500 ML-GDSF-DET 80.16500 SH-GDSF 77.95500
ACCURACY 20000 0 80.17234240547394 0
A0 2260000 AL-GDSF 78.66500 SH-LRU 65.51000 AL-LRU 56.33500 ML-GDSF-RNG 79.84000 ML-GDSF-DET 80.16000 SH-GDSF 77.95500
ACCURACY 20000 1 79.7112770322384 0
A1 2260000 AL-GDSF 78.66500 SH-LRU 65.51000 AL-LRU 56.33500 ML-GDSF-RNG 79.81500 ML-GDSF-DET 80.16000 SH-GDSF 77.95500
ACCURACY 20000 2 79.73860900222604 0
A2 2260000 AL-GDSF 78.66500 SH-LRU 65.51000 AL-LRU 56.33500 ML-GDSF-RNG 79.84500 ML-GDSF-DET 80.15500 SH-GDSF 77.95500
B 2280000 AL-GDSF 79.45500 SH-LRU 62.60000 AL-LRU 56.80500 ML-GDSF-RNG 80.09500 ML-GDSF-DET 80.36000 SH-GDSF 78.76000
ACCURACY 20000 0 78.71235956854626 0
A0 2280000 AL-GDSF 79.45500 SH-LRU 62.60000 AL-LRU 56.80500 ML-GDSF-RNG 80.06000 ML-GDSF-DET 80.36000 SH-GDSF 78.76000
ACCURACY 20000 1 78.63904547227627 0
A1 2280000 AL-GDSF 79.45500 SH-LRU 62.60000 AL-LRU 56.80500 ML-GDSF-RNG 80.07000 ML-GDSF-DET 80.34000 SH-GDSF 78.76000
ACCURACY 20000 2 78.58427431156156 0
A2 2280000 AL-GDSF 79.45500 SH-LRU 62.60000 AL-LRU 56.80500 ML-GDSF-RNG 80.13500 ML-GDSF-DET 80.35500 SH-GDSF 78.76000
B 2300000 AL-GDSF 78.68000 SH-LRU 60.41000 AL-LRU 52.52000 ML-GDSF-RNG 79.85000 ML-GDSF-DET 80.22500 SH-GDSF 77.46000
ACCURACY 20000 0 77.04830162490936 0
A0 2300000 AL-GDSF 78.68000 SH-LRU 60.41000 AL-LRU 52.52000 ML-GDSF-RNG 79.86000 ML-GDSF-DET 80.24000 SH-GDSF 77.46000
ACCURACY 20000 1 77.30594629843809 0
A1 2300000 AL-GDSF 78.68000 SH-LRU 60.41000 AL-LRU 52.52000 ML-GDSF-RNG 79.88000 ML-GDSF-DET 80.21000 SH-GDSF 77.46000
ACCURACY 20000 2 77.38193273291752 0
A2 2300000 AL-GDSF 78.68000 SH-LRU 60.41000 AL-LRU 52.52000 ML-GDSF-RNG 79.90000 ML-GDSF-DET 80.21000 SH-GDSF 77.46000
RUN 1
W 200000 AL-GDSF 61.32950 SH-LRU 54.00600 AL-LRU 47.82150 ML-GDSF-RNG 60.95000 ML-GDSF-DET 61.16450 SH-GDSF 55.96500
W 300000 AL-GDSF 67.57100 SH-LRU 57.73700 AL-LRU 48.29600 ML-GDSF-RNG 67.76500 ML-GDSF-DET 68.01000 SH-GDSF 64.47100
W 400000 AL-GDSF 68.54600 SH-LRU 56.81800 AL-LRU 47.79700 ML-GDSF-RNG 69.08800 ML-GDSF-DET 69.49200 SH-GDSF 65.52700
W 500000 AL-GDSF 68.08000 SH-LRU 54.71800 AL-LRU 48.41900 ML-GDSF-RNG 68.90100 ML-GDSF-DET 69.20300 SH-GDSF 65.65500
W 600000 AL-GDSF 70.01800 SH-LRU 53.43200 AL-LRU 46.60500 ML-GDSF-RNG 71.11500 ML-GDSF-DET 71.56000 SH-GDSF 66.97300
W 700000 AL-GDSF 71.69400 SH-LRU 56.51800 AL-LRU 48.64700 ML-GDSF-RNG 72.21200 ML-GDSF-DET 72.45300 SH-GDSF 70.13000
W 800000 AL-GDSF 74.74200 SH-LRU 59.66600 AL-LRU 52.81600 ML-GDSF-RNG 75.55800 ML-GDSF-DET 75.91300 SH-GDSF 73.21800
W 900000 AL-GDSF 69.98500 SH-LRU 56.02000 AL-LRU 50.16600 ML-GDSF-RNG 71.44800 ML-GDSF-DET 71.93300 SH-GDSF 68.83600
W 1000000 AL-GDSF 73.60700 SH-LRU 58.57400 AL-LRU 53.04000 ML-GDSF-RNG 74.13300 ML-GDSF-DET 74.53600 SH-GDSF 72.74200
W 1100000 AL-GDSF 74.48000 SH-LRU 58.53400 AL-LRU 52.94700 ML-GDSF-RNG 75.33500 ML-GDSF-DET 75.73200 SH-GDSF 73.50100
W 1200000 AL-GDSF 70.10300 SH-LRU 54.69900 AL-LRU 48.95300 ML-GDSF-RNG 71.06500 ML-GDSF-DET 71.52000 SH-GDSF 68.96400
W 1300000 AL-GDSF 70.95900 SH-LRU 55.96000 AL-LRU 50.06400 ML-GDSF-RNG 73.07100 ML-GDSF-DET 73.70000 SH-GDSF 70.78700
W 1400000 AL-GDSF 76.44700 SH-LRU 60.27900 AL-LRU 54.35000 ML-GDSF-RNG 77.74900 ML-GDSF-DET 78.19300 SH-GDSF 75.59400
W 1500000 AL-GDSF 76.52700 SH-LRU 63.15500 AL-LRU 56.36900 ML-GDSF-RNG 77.80500 ML-GDSF-DET 78.23700 SH-GDSF 75.76000
W 1600000 AL-GDSF 76.66400 SH-LRU 62.24300 AL-LRU 56.18300 ML-GDSF-RNG 77.98800 ML-GDSF-DET 78.41400 SH-GDSF 76.18300
W 1700000 AL-GDSF 76.81300 SH-LRU 63.55000 AL-LRU 57.99300 ML-GDSF-RNG 77.98000 ML-GDSF-DET 78.33700 SH-GDSF 75.99500
W 1800000 AL-GDSF 78.86200 SH-LRU 62.53100 AL-LRU 56.38400 ML-GDSF-RNG 80.20100 ML-GDSF-DET 80.59700 SH-GDSF 78.45900
W 1900000 AL-GDSF 78.15900 SH-LRU 63.11500 AL-LRU 56.03200 ML-GDSF-RNG 80.13300 ML-GDSF-DET 80.70900 SH-GDSF 77.76800
W 2000000 AL-GDSF 78.12700 SH-LRU 63.66100 AL-LRU 57.09200 ML-GDSF-RNG 79.16000 ML-GDSF-DET 79.57800 SH-GDSF 77.35000
W 2100000 AL-GDSF 76.02600 SH-LRU 61.60600 AL-LRU 54.99800 ML-GDSF-RNG 77.17000 ML-GDSF-DET 77.60900 SH-GDSF 74.78800
W 2200000 AL-GDSF 78.78500 SH-LRU 62.35400 AL-LRU 53.95100 ML-GDSF-RNG 80.28900 ML-GDSF-DET 80.74100 SH-GDSF 78.18400
W 2300000 AL-GDSF 78.48100 SH-LRU 62.65900 AL-LRU 54.63200 ML-GDSF-RNG 79.51900 ML-GDSF-DET 79.95300 SH-GDSF 77.60500
B 2320000 AL-GDSF 80.07500 SH-LRU 63.61500 AL-LRU 57.93500 ML-GDSF-RNG 80.69500 ML-GDSF-DET 80.85500 SH-GDSF 79.72000
ACCURACY 20000 0 80.67528694400609 0
A0 2320000 AL-GDSF 80.07500 SH-LRU 63.61500 AL-LRU 57.93500 ML-GDSF-RNG 80.66500 ML-GDSF-DET 80.86500 SH-GDSF 79.72000
ACCURACY 20000 1 80.55317664877428 0
A1 2320000 AL-GDSF 80.07500 SH-LRU 63.61500 AL-LRU 57.93500 ML-GDSF-RNG 80.72000 ML-GDSF-DET 80.87500 SH-GDSF 79.72000
ACCURACY 20000 2 80.41793582850357 0
A2 2320000 AL-GDSF 80.07500 SH-LRU 63.61500 AL-LRU 57.93500 ML-GDSF-RNG 80.73000 ML-GDSF-DET 80.87500 SH-GDSF 79.72000
B 2340000 AL-GDSF 78.30500 SH-LRU 61.45000 AL-LRU 54.96500 ML-GDSF-RNG 79.13500 ML-GDSF-DET 79.35000 SH-GDSF 76.75000
ACCURACY 20000 0 79.4874941115005 0
A0 2340000 AL-GDSF 78.30500 SH-LRU 61.45000 AL-LRU 54.96500 ML-GDSF-RNG 79.14000 ML-GDSF-DET 79.35000 SH-GDSF 76.75000
ACCURACY 20000 1 79.55339661616308 0
A1 2340000 AL-GDSF 78.30500 SH-LRU 61.45000 AL-LRU 54.96500 ML-GDSF-RNG 79.16500 ML-GDSF-DET 79.36000 SH-GDSF 76.75000
ACCURACY 20000 2 79.44531881914493 0
A2 2340000 AL-GDSF 78.30500 SH-LRU 61.45000 AL-LRU 54.96500 ML-GDSF-RNG 79.17000 ML-GDSF-DET 79.36000 SH-GDSF 76.75000
B 2360000 AL-GDSF 77.92500 SH-LRU 60.94000 AL-LRU 52.79500 ML-GDSF-RNG 78.92000 ML-GDSF-DET 79.31000 SH-GDSF 76.75500
ACCURACY 20000 0 77.82404199107386 0
A0 2360000 AL-GDSF 77.92500 SH-LRU 60.94000 AL-LRU 52.79500 ML-GDSF-RNG 78.96500 ML-GDSF-DET 79.31000 SH-GDSF 76.75500
ACCURACY 20000 1 77.94820648392404 0
A1 2360000 AL-GDSF 77.92500 SH-LRU 60.94000 AL-LRU 52.79500 ML-GDSF-RNG 78.96500 ML-GDSF-DET 79.31500 SH-GDSF 76.75500
ACCURACY 20000 2 78.00539025758297 0
A2 2360000 AL-GDSF 77.92500 SH-LRU 60.94000 AL-LRU 52.79500 ML-GDSF-RNG 78.96500 ML-GDSF-DET 79.31500 SH-GDSF 76.75500
B 2380000 AL-GDSF 76.95000 SH-LRU 61.61000 AL-LRU 53.93500 ML-GDSF-RNG 78.53500 ML-GDSF-DET 79.28500 SH-GDSF 75.80500
ACCURACY 20000 0 81.32173930604763 0
A0 2380000 AL-GDSF 76.95000 SH-LRU 61.61000 AL-LRU 53.93500 ML-GDSF-RNG 78.55500 ML-GDSF-DET 79.28500 SH-GDSF 75.80500
ACCURACY 20000 1 81.95663269281111 0
A1 2380000 AL-GDSF 76.95000 SH-LRU 61.61000 AL-LRU 53.93500 ML-GDSF-RNG 78.55000 ML-GDSF-DET 79.28500 SH-GDSF 75.80500
ACCURACY 20000 2 81.92562752799915 0
A2 2380000 AL-GDSF 76.95000 SH-LRU 61.61000 AL-LRU 53.93500 ML-GDSF-RNG 78.52500 ML-GDSF-DET 79.28500 SH-GDSF 75.80500
B 2400000 AL-GDSF 80.53500 SH-LRU 64.02500 AL-LRU 54.45000 ML-GDSF-RNG 82.34000 ML-GDSF-DET 82.79500 SH-GDSF 80.14000
ACCURACY 20000 0 78.82655315107624 0
A0 2400000 AL-GDSF 80.53500 SH-LRU 64.02500 AL-LRU 54.45000 ML-GDSF-RNG 82.35500 ML-GDSF-DET 82.77000 SH-GDSF 80.14000
ACCURACY 20000 1 78.59745935616544 0
A1 2400000 AL-GDSF 80.53500 SH-LRU 64.02500 AL-LRU 54.45000 ML-GDSF-RNG 82.36500 ML-GDSF-DET 82.78000 SH-GDSF 80.14000
ACCURACY 20000 2 78.55153846469554 0
A2 2400000 AL-GDSF 80.53500 SH-LRU 64.02500 AL-LRU 54.45000 ML-GDSF-RNG 82.36000 ML-GDSF-DET 82.77000 SH-GDSF 80.14000
RUN 2
W 200000 AL-GDSF 61.32950 SH-LRU 54.00600 AL-LRU 47.82150 ML-GDSF-RNG 60.99850 ML-GDSF-DET 61.26950 SH-GDSF 55.96500
W 300000 AL-GDSF 67.57100 SH-LRU 57.73700 AL-LRU 48.29600 ML-GDSF-RNG 67.88300 ML-GDSF-DET 68.22300 SH-GDSF 64.47100
W 400000 AL-GDSF 68.54600 SH-LRU 56.81800 AL-LRU 47.79700 ML-GDSF-RNG 69.12600 ML-GDSF-DET 69.59600 SH-GDSF 65.52700
W 500000 AL-GDSF 68.08000 SH-LRU 54.71800 AL-LRU 48.41900 ML-GDSF-RNG 68.87000 ML-GDSF-DET 69.31500 SH-GDSF 65.65500
W 600000 AL-GDSF 70.01800 SH-LRU 53.43200 AL-LRU 46.60500 ML-GDSF-RNG 71.05000 ML-GDSF-DET 71.62000 SH-GDSF 66.97300
W 700000 AL-GDSF 71.69400 SH-LRU 56.51800 AL-LRU 48.64700 ML-GDSF-RNG 72.24900 ML-GDSF-DET 72.62100 SH-GDSF 70.13000
W 800000 AL-GDSF 74.74200 SH-LRU 59.66600 AL-LRU 52.81600 ML-GDSF-RNG 75.56300 ML-GDSF-DET 75.95900 SH-GDSF 73.21800
W 900000 AL-GDSF 69.98500 SH-LRU 56.02000 AL-LRU 50.16600 ML-GDSF-RNG 71.47000 ML-GDSF-DET 71.92500 SH-GDSF 68.83600
W 1000000 AL-GDSF 73.60700 SH-LRU 58.57400 AL-LRU 53.04000 ML-GDSF-RNG 74.18800 ML-GDSF-DET 74.57400 SH-GDSF 72.74200
W 1100000 AL-GDSF 74.48000 SH-LRU 58.53400 AL-LRU 52.94700 ML-GDSF-RNG 75.33900 ML-GDSF-DET 75.74600 SH-GDSF 73.50100
W 1200000 AL-GDSF 70.10300 SH-LRU 54.69900 AL-LRU 48.95300 ML-GDSF-RNG 71.07800 ML-GDSF-DET 71.51600 SH-GDSF 68.96400
W 1300000 AL-GDSF 70.95900 SH-LRU 55.96000 AL-LRU 50.06400 ML-GDSF-RNG 72.95700 ML-GDSF-DET 73.62800 SH-GDSF 70.78700
W 1400000 AL-GDSF 76.44700 SH-LRU 60.27900 AL-LRU 54.35000 ML-GDSF-RNG 77.68800 ML-GDSF-DET 78.17300 SH-GDSF 75.59400
W 1500000 AL-GDSF 76.52700 SH-LRU 63.15500 AL-LRU 56.36900 ML-GDSF-RNG 77.71300 ML-GDSF-DET 78.22200 SH-GDSF 75.76000
W 1600000 AL-GDSF 76.66400 SH-LRU 62.24300 AL-LRU 56.18300 ML-GDSF-RNG 77.93800 ML-GDSF-DET 78.36900 SH-GDSF 76.18300
W 1700000 AL-GDSF 76.81300 SH-LRU 63.55000 AL-LRU 57.99300 ML-GDSF-RNG 77.98000 ML-GDSF-DET 78.35800 SH-GDSF 75.99500
W 1800000 AL-GDSF 78.86200 SH-LRU 62.53100 AL-LRU 56.38400 ML-GDSF-RNG 80.18600 ML-GDSF-DET 80.56500 SH-GDSF 78.45900
W 1900000 AL-GDSF 78.15900 SH-LRU 63.11500 AL-LRU 56.03200 ML-GDSF-RNG 79.99200 ML-GDSF-DET 80.61100 SH-GDSF 77.76800
W 2000000 AL-GDSF 78.12700 SH-LRU 63.66100 AL-LRU 57.09200 ML-GDSF-RNG 79.09000 ML-GDSF-DET 79.52700 SH-GDSF 77.35000
W 2100000 AL-GDSF 76.02600 SH-LRU 61.60600 AL-LRU 54.99800 ML-GDSF-RNG 77.11300 ML-GDSF-DET 77.61500 SH-GDSF 74.78800
W 2200000 AL-GDSF 78.78500 SH-LRU 62.35400 AL-LRU 53.95100 ML-GDSF-RNG 80.23600 ML-GDSF-DET 80.70100 SH-GDSF 78.18400
W 2300000 AL-GDSF 78.48100 SH-LRU 62.65900 AL-LRU 54.63200 ML-GDSF-RNG 79.52000 ML-GDSF-DET 79.97600 SH-GDSF 77.60500
W 2400000 AL-GDSF 78.75800 SH-LRU 62.32800 AL-LRU 54.81600 ML-GDSF-RNG 79.91700 ML-GDSF-DET 80.30500 SH-GDSF 77.83400
B 2420000 AL-GDSF 80.16500 SH-LRU 65.37500 AL-LRU 55.66000 ML-GDSF-RNG 81.66000 ML-GDSF-DET 82.05000 SH-GDSF 79.52500
ACCURACY 20000 0 82.493619559057 0
A0 2420000 AL-GDSF 80.16500 SH-LRU 65.37500 AL-LRU 55.66000 ML-GDSF-RNG 81.64000 ML-GDSF-DET 82.06000 SH-GDSF 79.52500
ACCURACY 20000 1 82.60790498424986 0
A1 2420000 AL-GDSF 80.16500 SH-LRU 65.37500 AL-LRU 55.66000 ML-GDSF-RNG 81.64500 ML-GDSF-DET 82.06000 SH-GDSF 79.52500
ACCURACY 20000 2 82.57357756876236 0
A2 2420000 AL-GDSF 80.16500 SH-LRU 65.37500 AL-LRU 55.66000 ML-GDSF-RNG 81.66500 ML-GDSF-DET 82.06000 SH-GDSF 79.52500
B 2440000 AL-GDSF 80.08000 SH-LRU 62.79000 AL-LRU 53.01500 ML-GDSF-RNG 81.90500 ML-GDSF-DET 82.59500 SH-GDSF 78.73500
ACCURACY 20000 0 82.38620285740642 0
A0 2440000 AL-GDSF 80.08000 SH-LRU 62.79000 AL-LRU 53.01500 ML-GDSF-RNG 81.93500 ML-GDSF-DET 82.60500 SH-GDSF 78.73500
ACCURACY 20000 1 82.20185631809726 0
A1 2440000 AL-GDSF 80.08000 SH-LRU 62.79000 AL-LRU 53.01500 ML-GDSF-RNG 81.90500 ML-GDSF-DET 82.59500 SH-GDSF 78.73500
ACCURACY 20000 2 82.24331474559654 0
A2 2440000 AL-GDSF 80.08000 SH-LRU 62.79000 AL-LRU 53.01500 ML-GDSF-RNG 81.93000 ML-GDSF-DET 82.59500 SH-GDSF 78.73500
B 2460000 AL-GDSF 80.72500 SH-LRU 62.17000 AL-LRU 53.69000 ML-GDSF-RNG 82.40000 ML-GDSF-DET 82.85500 SH-GDSF 79.62000
